<?xml version="1.0" encoding="UTF-8"?>
<testsuite name="com.codestates.preproject.PreProjectApplicationTests" tests="1" skipped="0" failures="0" errors="0" timestamp="2022-10-26T17:44:35" hostname="bag-yeong-giui-MacBookAir.local" time="0.057">
  <properties/>
  <testcase name="contextLoads()" classname="com.codestates.preproject.PreProjectApplicationTests" time="0.057"/>
  <system-out><![CDATA[02:44:32.488 [Test worker] DEBUG org.springframework.test.context.BootstrapUtils - Instantiating CacheAwareContextLoaderDelegate from class [org.springframework.test.context.cache.DefaultCacheAwareContextLoaderDelegate]
02:44:32.495 [Test worker] DEBUG org.springframework.test.context.BootstrapUtils - Instantiating BootstrapContext using constructor [public org.springframework.test.context.support.DefaultBootstrapContext(java.lang.Class,org.springframework.test.context.CacheAwareContextLoaderDelegate)]
02:44:32.512 [Test worker] DEBUG org.springframework.test.context.BootstrapUtils - Instantiating TestContextBootstrapper for test class [com.codestates.preproject.PreProjectApplicationTests] from class [org.springframework.boot.test.context.SpringBootTestContextBootstrapper]
02:44:32.519 [Test worker] INFO org.springframework.boot.test.context.SpringBootTestContextBootstrapper - Neither @ContextConfiguration nor @ContextHierarchy found for test class [com.codestates.preproject.PreProjectApplicationTests], using SpringBootContextLoader
02:44:32.521 [Test worker] DEBUG org.springframework.test.context.support.AbstractContextLoader - Did not detect default resource location for test class [com.codestates.preproject.PreProjectApplicationTests]: class path resource [com/codestates/preproject/PreProjectApplicationTests-context.xml] does not exist
02:44:32.521 [Test worker] DEBUG org.springframework.test.context.support.AbstractContextLoader - Did not detect default resource location for test class [com.codestates.preproject.PreProjectApplicationTests]: class path resource [com/codestates/preproject/PreProjectApplicationTestsContext.groovy] does not exist
02:44:32.521 [Test worker] INFO org.springframework.test.context.support.AbstractContextLoader - Could not detect default resource locations for test class [com.codestates.preproject.PreProjectApplicationTests]: no resource found for suffixes {-context.xml, Context.groovy}.
02:44:32.522 [Test worker] INFO org.springframework.test.context.support.AnnotationConfigContextLoaderUtils - Could not detect default configuration classes for test class [com.codestates.preproject.PreProjectApplicationTests]: PreProjectApplicationTests does not declare any static, non-private, non-final, nested classes annotated with @Configuration.
02:44:32.544 [Test worker] DEBUG org.springframework.test.context.support.ActiveProfilesUtils - Could not find an 'annotation declaring class' for annotation type [org.springframework.test.context.ActiveProfiles] and class [com.codestates.preproject.PreProjectApplicationTests]
02:44:32.575 [Test worker] DEBUG org.springframework.context.annotation.ClassPathScanningCandidateComponentProvider - Identified candidate component class: file [/Users/bag-yeong-gi/IdeaProjects/seb40_pre_004/server/build/classes/java/main/com/codestates/preproject/PreProjectApplication.class]
02:44:32.575 [Test worker] INFO org.springframework.boot.test.context.SpringBootTestContextBootstrapper - Found @SpringBootConfiguration com.codestates.preproject.PreProjectApplication for test class com.codestates.preproject.PreProjectApplicationTests
02:44:32.636 [Test worker] DEBUG org.springframework.boot.test.context.SpringBootTestContextBootstrapper - @TestExecutionListeners is not present for class [com.codestates.preproject.PreProjectApplicationTests]: using defaults.
02:44:32.636 [Test worker] INFO org.springframework.boot.test.context.SpringBootTestContextBootstrapper - Loaded default TestExecutionListener class names from location [META-INF/spring.factories]: [org.springframework.boot.test.autoconfigure.restdocs.RestDocsTestExecutionListener, org.springframework.boot.test.autoconfigure.web.client.MockRestServiceServerResetTestExecutionListener, org.springframework.boot.test.autoconfigure.web.servlet.MockMvcPrintOnlyOnFailureTestExecutionListener, org.springframework.boot.test.autoconfigure.web.servlet.WebDriverTestExecutionListener, org.springframework.boot.test.autoconfigure.webservices.client.MockWebServiceServerTestExecutionListener, org.springframework.boot.test.mock.mockito.MockitoTestExecutionListener, org.springframework.boot.test.mock.mockito.ResetMocksTestExecutionListener, org.springframework.test.context.web.ServletTestExecutionListener, org.springframework.test.context.support.DirtiesContextBeforeModesTestExecutionListener, org.springframework.test.context.event.ApplicationEventsTestExecutionListener, org.springframework.test.context.support.DependencyInjectionTestExecutionListener, org.springframework.test.context.support.DirtiesContextTestExecutionListener, org.springframework.test.context.transaction.TransactionalTestExecutionListener, org.springframework.test.context.jdbc.SqlScriptsTestExecutionListener, org.springframework.test.context.event.EventPublishingTestExecutionListener]
02:44:32.645 [Test worker] INFO org.springframework.boot.test.context.SpringBootTestContextBootstrapper - Using TestExecutionListeners: [org.springframework.test.context.web.ServletTestExecutionListener@4acf72b6, org.springframework.test.context.support.DirtiesContextBeforeModesTestExecutionListener@7561db12, org.springframework.test.context.event.ApplicationEventsTestExecutionListener@3301500b, org.springframework.boot.test.mock.mockito.MockitoTestExecutionListener@24b52d3e, org.springframework.boot.test.autoconfigure.SpringBootDependencyInjectionTestExecutionListener@15deb1dc, org.springframework.test.context.support.DirtiesContextTestExecutionListener@6e9c413e, org.springframework.test.context.transaction.TransactionalTestExecutionListener@57a4d5ee, org.springframework.test.context.jdbc.SqlScriptsTestExecutionListener@5af5def9, org.springframework.test.context.event.EventPublishingTestExecutionListener@3a45c42a, org.springframework.boot.test.autoconfigure.restdocs.RestDocsTestExecutionListener@36dce7ed, org.springframework.boot.test.autoconfigure.web.client.MockRestServiceServerResetTestExecutionListener@47a64f7d, org.springframework.boot.test.autoconfigure.web.servlet.MockMvcPrintOnlyOnFailureTestExecutionListener@33d05366, org.springframework.boot.test.autoconfigure.web.servlet.WebDriverTestExecutionListener@27a0a5a2, org.springframework.boot.test.autoconfigure.webservices.client.MockWebServiceServerTestExecutionListener@7692cd34, org.springframework.boot.test.mock.mockito.ResetMocksTestExecutionListener@33aa93c]
02:44:32.652 [Test worker] DEBUG org.springframework.test.context.support.AbstractDirtiesContextTestExecutionListener - Before test class: context [DefaultTestContext@41de5768 testClass = PreProjectApplicationTests, testInstance = [null], testMethod = [null], testException = [null], mergedContextConfiguration = [WebMergedContextConfiguration@5f577419 testClass = PreProjectApplicationTests, locations = '{}', classes = '{class com.codestates.preproject.PreProjectApplication}', contextInitializerClasses = '[]', activeProfiles = '{}', propertySourceLocations = '{}', propertySourceProperties = '{org.springframework.boot.test.context.SpringBootTestContextBootstrapper=true}', contextCustomizers = set[org.springframework.boot.test.autoconfigure.actuate.metrics.MetricsExportContextCustomizerFactory$DisableMetricExportContextCustomizer@66ce957f, org.springframework.boot.test.autoconfigure.properties.PropertyMappingContextCustomizer@0, org.springframework.boot.test.autoconfigure.web.servlet.WebDriverContextCustomizerFactory$Customizer@388ba540, org.springframework.boot.test.context.filter.ExcludeFilterContextCustomizer@1dd0e7c4, org.springframework.boot.test.json.DuplicateJsonObjectContextCustomizerFactory$DuplicateJsonObjectContextCustomizer@242aa8d9, org.springframework.boot.test.mock.mockito.MockitoContextCustomizer@0, org.springframework.boot.test.web.client.TestRestTemplateContextCustomizer@650eab8, org.springframework.boot.test.context.SpringBootTestArgs@1, org.springframework.boot.test.context.SpringBootTestWebEnvironment@16612a51], resourceBasePath = 'src/main/webapp', contextLoader = 'org.springframework.boot.test.context.SpringBootContextLoader', parent = [null]], attributes = map['org.springframework.test.context.web.ServletTestExecutionListener.activateListener' -> true]], class annotated with @DirtiesContext [false] with mode [null].

  .   ____          _            __ _ _
 /\\ / ___'_ __ _ _(_)_ __  __ _ \ \ \ \
( ( )\___ | '_ | '_| | '_ \/ _` | \ \ \ \
 \\/  ___)| |_)| | | | | || (_| |  ) ) ) )
  '  |____| .__|_| |_|_| |_\__, | / / / /
 =========|_|==============|___/=/_/_/_/
 :: Spring Boot ::                (v2.7.5)

2022-10-27 02:44:33.030  INFO 17172 --- [    Test worker] c.c.p.PreProjectApplicationTests         : Starting PreProjectApplicationTests using Java 11.0.16.1 on bag-yeong-giui-MacBookAir.local with PID 17172 (started by bag-yeong-gi in /Users/bag-yeong-gi/IdeaProjects/seb40_pre_004/server)
2022-10-27 02:44:33.031  INFO 17172 --- [    Test worker] c.c.p.PreProjectApplicationTests         : No active profile set, falling back to 1 default profile: "default"
2022-10-27 02:44:33.408  INFO 17172 --- [    Test worker] .s.d.r.c.RepositoryConfigurationDelegate : Bootstrapping Spring Data JPA repositories in DEFAULT mode.
2022-10-27 02:44:33.446  INFO 17172 --- [    Test worker] .s.d.r.c.RepositoryConfigurationDelegate : Finished Spring Data repository scanning in 33 ms. Found 5 JPA repository interfaces.
2022-10-27 02:44:33.704  INFO 17172 --- [    Test worker] com.zaxxer.hikari.HikariDataSource       : HikariPool-1 - Starting...
2022-10-27 02:44:33.834  INFO 17172 --- [    Test worker] com.zaxxer.hikari.HikariDataSource       : HikariPool-1 - Start completed.
2022-10-27 02:44:33.874  INFO 17172 --- [    Test worker] o.hibernate.jpa.internal.util.LogHelper  : HHH000204: Processing PersistenceUnitInfo [name: default]
2022-10-27 02:44:33.934  INFO 17172 --- [    Test worker] org.hibernate.Version                    : HHH000412: Hibernate ORM core version 5.6.12.Final
2022-10-27 02:44:34.039  INFO 17172 --- [    Test worker] o.hibernate.annotations.common.Version   : HCANN000001: Hibernate Commons Annotations {5.1.2.Final}
2022-10-27 02:44:34.110  INFO 17172 --- [    Test worker] org.hibernate.dialect.Dialect            : HHH000400: Using dialect: org.hibernate.dialect.H2Dialect
2022-10-27 02:44:34.550  INFO 17172 --- [    Test worker] o.h.e.t.j.p.i.JtaPlatformInitiator       : HHH000490: Using JtaPlatform implementation: [org.hibernate.engine.transaction.jta.platform.internal.NoJtaPlatform]
2022-10-27 02:44:34.555  INFO 17172 --- [    Test worker] j.LocalContainerEntityManagerFactoryBean : Initialized JPA EntityManagerFactory for persistence unit 'default'
2022-10-27 02:44:34.965  WARN 17172 --- [    Test worker] JpaBaseConfiguration$JpaWebConfiguration : spring.jpa.open-in-view is enabled by default. Therefore, database queries may be performed during view rendering. Explicitly configure spring.jpa.open-in-view to disable this warning
2022-10-27 02:44:35.262  INFO 17172 --- [    Test worker] c.c.p.PreProjectApplicationTests         : Started PreProjectApplicationTests in 2.585 seconds (JVM running for 3.26)
]]></system-out>
  <system-err><![CDATA[]]></system-err>
</testsuite>
