<?xml version="1.0" encoding="UTF-8"?>
<testsuite name="com.codestates.preproject.PreProjectApplicationTests" tests="1" skipped="0" failures="0" errors="0" timestamp="2022-10-31T05:38:03" hostname="Mintaekui-MacBookPro.local" time="0.001">
  <properties/>
  <testcase name="contextLoads()" classname="com.codestates.preproject.PreProjectApplicationTests" time="0.001"/>
  <system-out><![CDATA[2022-10-31 14:38:02.194  INFO 74672 --- [    Test worker] .b.t.c.SpringBootTestContextBootstrapper : Neither @ContextConfiguration nor @ContextHierarchy found for test class [com.codestates.preproject.PreProjectApplicationTests], using SpringBootContextLoader
2022-10-31 14:38:02.195  INFO 74672 --- [    Test worker] o.s.t.c.support.AbstractContextLoader    : Could not detect default resource locations for test class [com.codestates.preproject.PreProjectApplicationTests]: no resource found for suffixes {-context.xml, Context.groovy}.
2022-10-31 14:38:02.195  INFO 74672 --- [    Test worker] t.c.s.AnnotationConfigContextLoaderUtils : Could not detect default configuration classes for test class [com.codestates.preproject.PreProjectApplicationTests]: PreProjectApplicationTests does not declare any static, non-private, non-final, nested classes annotated with @Configuration.
2022-10-31 14:38:02.197  INFO 74672 --- [    Test worker] .b.t.c.SpringBootTestContextBootstrapper : Found @SpringBootConfiguration com.codestates.preproject.PreProjectApplication for test class com.codestates.preproject.PreProjectApplicationTests
2022-10-31 14:38:02.199  INFO 74672 --- [    Test worker] .b.t.c.SpringBootTestContextBootstrapper : Loaded default TestExecutionListener class names from location [META-INF/spring.factories]: [org.springframework.boot.test.autoconfigure.restdocs.RestDocsTestExecutionListener, org.springframework.boot.test.autoconfigure.web.client.MockRestServiceServerResetTestExecutionListener, org.springframework.boot.test.autoconfigure.web.servlet.MockMvcPrintOnlyOnFailureTestExecutionListener, org.springframework.boot.test.autoconfigure.web.servlet.WebDriverTestExecutionListener, org.springframework.boot.test.autoconfigure.webservices.client.MockWebServiceServerTestExecutionListener, org.springframework.boot.test.mock.mockito.MockitoTestExecutionListener, org.springframework.boot.test.mock.mockito.ResetMocksTestExecutionListener, org.springframework.test.context.web.ServletTestExecutionListener, org.springframework.test.context.support.DirtiesContextBeforeModesTestExecutionListener, org.springframework.test.context.event.ApplicationEventsTestExecutionListener, org.springframework.test.context.support.DependencyInjectionTestExecutionListener, org.springframework.test.context.support.DirtiesContextTestExecutionListener, org.springframework.test.context.transaction.TransactionalTestExecutionListener, org.springframework.test.context.jdbc.SqlScriptsTestExecutionListener, org.springframework.test.context.event.EventPublishingTestExecutionListener]
2022-10-31 14:38:02.200  INFO 74672 --- [    Test worker] .b.t.c.SpringBootTestContextBootstrapper : Using TestExecutionListeners: [org.springframework.test.context.web.ServletTestExecutionListener@3361d286, org.springframework.test.context.support.DirtiesContextBeforeModesTestExecutionListener@6ee186f3, org.springframework.test.context.event.ApplicationEventsTestExecutionListener@49fb693d, org.springframework.boot.test.mock.mockito.MockitoTestExecutionListener@38197e82, org.springframework.boot.test.autoconfigure.SpringBootDependencyInjectionTestExecutionListener@5516ee5, org.springframework.test.context.support.DirtiesContextTestExecutionListener@6765b6a2, org.springframework.test.context.transaction.TransactionalTestExecutionListener@75c589f2, org.springframework.test.context.jdbc.SqlScriptsTestExecutionListener@6db04a6, org.springframework.test.context.event.EventPublishingTestExecutionListener@8f374de, org.springframework.boot.test.autoconfigure.restdocs.RestDocsTestExecutionListener@426913c4, org.springframework.boot.test.autoconfigure.web.client.MockRestServiceServerResetTestExecutionListener@1bba9862, org.springframework.boot.test.autoconfigure.web.servlet.MockMvcPrintOnlyOnFailureTestExecutionListener@451a4187, org.springframework.boot.test.autoconfigure.web.servlet.WebDriverTestExecutionListener@565c887e, org.springframework.boot.test.autoconfigure.webservices.client.MockWebServiceServerTestExecutionListener@5c215642, org.springframework.boot.test.mock.mockito.ResetMocksTestExecutionListener@1317ac2c]

  .   ____          _            __ _ _
 /\\ / ___'_ __ _ _(_)_ __  __ _ \ \ \ \
( ( )\___ | '_ | '_| | '_ \/ _` | \ \ \ \
 \\/  ___)| |_)| | | | | || (_| |  ) ) ) )
  '  |____| .__|_| |_|_| |_\__, | / / / /
 =========|_|==============|___/=/_/_/_/
 :: Spring Boot ::                (v2.7.5)

2022-10-31 14:38:02.208  INFO 74672 --- [    Test worker] c.c.p.PreProjectApplicationTests         : Starting PreProjectApplicationTests using Java 11.0.16.1 on Mintaekui-MacBookPro.local with PID 74672 (started by mintaek in /Users/mintaek/Desktop/Pre-Project/seb40_pre_004/server)
2022-10-31 14:38:02.208  INFO 74672 --- [    Test worker] c.c.p.PreProjectApplicationTests         : No active profile set, falling back to 1 default profile: "default"
2022-10-31 14:38:02.341  INFO 74672 --- [    Test worker] .s.d.r.c.RepositoryConfigurationDelegate : Bootstrapping Spring Data JPA repositories in DEFAULT mode.
2022-10-31 14:38:02.377  INFO 74672 --- [    Test worker] .s.d.r.c.RepositoryConfigurationDelegate : Finished Spring Data repository scanning in 31 ms. Found 5 JPA repository interfaces.
2022-10-31 14:38:02.527 DEBUG 74672 --- [    Test worker] j.LocalContainerEntityManagerFactoryBean : Building JPA container EntityManagerFactory for persistence unit 'default'
2022-10-31 14:38:02.541  INFO 74672 --- [    Test worker] o.hibernate.jpa.internal.util.LogHelper  : HHH000204: Processing PersistenceUnitInfo [name: default]
2022-10-31 14:38:02.586  INFO 74672 --- [    Test worker] org.hibernate.Version                    : HHH000412: Hibernate ORM core version 5.6.12.Final
2022-10-31 14:38:02.611  INFO 74672 --- [    Test worker] o.hibernate.annotations.common.Version   : HCANN000001: Hibernate Commons Annotations {5.1.2.Final}
2022-10-31 14:38:02.671  INFO 74672 --- [    Test worker] com.zaxxer.hikari.HikariDataSource       : HikariPool-1 - Starting...
2022-10-31 14:38:02.807  INFO 74672 --- [    Test worker] com.zaxxer.hikari.HikariDataSource       : HikariPool-1 - Start completed.
2022-10-31 14:38:02.831  INFO 74672 --- [    Test worker] org.hibernate.dialect.Dialect            : HHH000400: Using dialect: org.hibernate.dialect.H2Dialect
Hibernate: 
    
    drop table if exists answer CASCADE 
Hibernate: 
    
    drop table if exists comment CASCADE 
Hibernate: 
    
    drop table if exists hashtag CASCADE 
Hibernate: 
    
    drop table if exists member CASCADE 
Hibernate: 
    
    drop table if exists member_roles CASCADE 
Hibernate: 
    
    drop table if exists question CASCADE 
Hibernate: 
    
    drop table if exists question_hashtag CASCADE 
Hibernate: 
    
    create table answer (
       answer_id bigint generated by default as identity,
        created_at timestamp not null,
        last_modified_at timestamp not null,
        answer_check boolean not null,
        body varchar(10000) not null,
        member_id bigint,
        question_id bigint,
        primary key (answer_id)
    )
Hibernate: 
    
    create table comment (
       comment_id bigint generated by default as identity,
        created_at timestamp not null,
        last_modified_at timestamp not null,
        body varchar(10000) not null,
        answer_id bigint,
        member_id bigint,
        primary key (comment_id)
    )
Hibernate: 
    
    create table hashtag (
       hashtag_id bigint generated by default as identity,
        created_at timestamp not null,
        last_modified_at timestamp not null,
        tag_name varchar(255) not null,
        primary key (hashtag_id)
    )
Hibernate: 
    
    create table member (
       member_id bigint generated by default as identity,
        created_at timestamp not null,
        last_modified_at timestamp not null,
        display_name varchar(255) not null,
        email varchar(255) not null,
        opt_in boolean not null,
        password varchar(255) not null,
        primary key (member_id)
    )
Hibernate: 
    
    create table member_roles (
       member_member_id bigint not null,
        roles varchar(255)
    )
Hibernate: 
    
    create table question (
       question_id bigint generated by default as identity,
        created_at timestamp not null,
        last_modified_at timestamp not null,
        body varchar(10000) not null,
        title varchar(500) not null,
        member_id bigint,
        primary key (question_id)
    )
Hibernate: 
    
    create table question_hashtag (
       question_hashtag_id bigint generated by default as identity,
        created_at timestamp not null,
        last_modified_at timestamp not null,
        hashtag_id bigint,
        question_id bigint,
        primary key (question_hashtag_id)
    )
Hibernate: 
    
    alter table member 
       add constraint UK_k3kf09s6pp3ntqfis89la08gq unique (display_name)
Hibernate: 
    
    alter table member 
       add constraint UK_mbmcqelty0fbrvxp1q58dn57t unique (email)
Hibernate: 
    
    alter table answer 
       add constraint FKn2sp5pa6h0u2kixjl2r4vfluf 
       foreign key (member_id) 
       references member
Hibernate: 
    
    alter table answer 
       add constraint FK8frr4bcabmmeyyu60qt7iiblo 
       foreign key (question_id) 
       references question
Hibernate: 
    
    alter table comment 
       add constraint FKdqc83j2n6hemidegfkim17d3l 
       foreign key (answer_id) 
       references answer
Hibernate: 
    
    alter table comment 
       add constraint FKmrrrpi513ssu63i2783jyiv9m 
       foreign key (member_id) 
       references member
Hibernate: 
    
    alter table member_roles 
       add constraint FKruptm2dtwl95mfks4bnhv828k 
       foreign key (member_member_id) 
       references member
Hibernate: 
    
    alter table question 
       add constraint FK1nuuke7olg7b9fkyp2ba9d5bx 
       foreign key (member_id) 
       references member
Hibernate: 
    
    alter table question_hashtag 
       add constraint FK6135l6ow6hu1x05rtp570ahc2 
       foreign key (hashtag_id) 
       references hashtag
Hibernate: 
    
    alter table question_hashtag 
       add constraint FK576ws2184ijwga7w2oyodi0rv 
       foreign key (question_id) 
       references question
2022-10-31 14:38:03.191  INFO 74672 --- [    Test worker] o.h.e.t.j.p.i.JtaPlatformInitiator       : HHH000490: Using JtaPlatform implementation: [org.hibernate.engine.transaction.jta.platform.internal.NoJtaPlatform]
2022-10-31 14:38:03.196  INFO 74672 --- [    Test worker] j.LocalContainerEntityManagerFactoryBean : Initialized JPA EntityManagerFactory for persistence unit 'default'
2022-10-31 14:38:03.251 DEBUG 74672 --- [    Test worker] tor$SharedEntityManagerInvocationHandler : Creating new EntityManager for shared EntityManager invocation
2022-10-31 14:38:03.284 DEBUG 74672 --- [    Test worker] tor$SharedEntityManagerInvocationHandler : Creating new EntityManager for shared EntityManager invocation
2022-10-31 14:38:03.327 DEBUG 74672 --- [    Test worker] tor$SharedEntityManagerInvocationHandler : Creating new EntityManager for shared EntityManager invocation
2022-10-31 14:38:03.365 DEBUG 74672 --- [    Test worker] tor$SharedEntityManagerInvocationHandler : Creating new EntityManager for shared EntityManager invocation
2022-10-31 14:38:03.403 DEBUG 74672 --- [    Test worker] tor$SharedEntityManagerInvocationHandler : Creating new EntityManager for shared EntityManager invocation
2022-10-31 14:38:03.403 DEBUG 74672 --- [    Test worker] tor$SharedEntityManagerInvocationHandler : Creating new EntityManager for shared EntityManager invocation
2022-10-31 14:38:03.431 DEBUG 74672 --- [    Test worker] tor$SharedEntityManagerInvocationHandler : Creating new EntityManager for shared EntityManager invocation
2022-10-31 14:38:03.432 DEBUG 74672 --- [    Test worker] tor$SharedEntityManagerInvocationHandler : Creating new EntityManager for shared EntityManager invocation
2022-10-31 14:38:03.447 DEBUG 74672 --- [    Test worker] tor$SharedEntityManagerInvocationHandler : Creating new EntityManager for shared EntityManager invocation
2022-10-31 14:38:03.448 DEBUG 74672 --- [    Test worker] tor$SharedEntityManagerInvocationHandler : Creating new EntityManager for shared EntityManager invocation
2022-10-31 14:38:03.476 DEBUG 74672 --- [    Test worker] tor$SharedEntityManagerInvocationHandler : Creating new EntityManager for shared EntityManager invocation
2022-10-31 14:38:03.477 DEBUG 74672 --- [    Test worker] tor$SharedEntityManagerInvocationHandler : Creating new EntityManager for shared EntityManager invocation
2022-10-31 14:38:03.535  INFO 74672 --- [    Test worker] o.s.s.web.DefaultSecurityFilterChain     : Will secure any request with [org.springframework.security.web.session.DisableEncodeUrlFilter@47cce306, org.springframework.security.web.context.request.async.WebAsyncManagerIntegrationFilter@4ba04fb4, org.springframework.security.web.context.SecurityContextPersistenceFilter@126320a8, org.springframework.security.web.header.HeaderWriterFilter@344db28d, org.springframework.web.filter.CorsFilter@11a8735d, org.springframework.security.web.authentication.logout.LogoutFilter@5a98983b, com.codestates.preproject.auth.filter.JwtAuthenticationFilter@59294f29, org.springframework.security.web.savedrequest.RequestCacheAwareFilter@4bb05e2a, org.springframework.security.web.servletapi.SecurityContextHolderAwareRequestFilter@12b0440b, org.springframework.security.web.authentication.AnonymousAuthenticationFilter@795d43d9, org.springframework.security.web.session.SessionManagementFilter@4420f4d4, org.springframework.security.web.access.ExceptionTranslationFilter@4bba628, org.springframework.security.web.access.intercept.AuthorizationFilter@10f7bc42]
2022-10-31 14:38:03.616  WARN 74672 --- [    Test worker] JpaBaseConfiguration$JpaWebConfiguration : spring.jpa.open-in-view is enabled by default. Therefore, database queries may be performed during view rendering. Explicitly configure spring.jpa.open-in-view to disable this warning
2022-10-31 14:38:03.660  INFO 74672 --- [    Test worker] o.s.b.a.h2.H2ConsoleAutoConfiguration    : H2 console available at '/h2'. Database available at 'jdbc:h2:mem:test'
2022-10-31 14:38:03.779  INFO 74672 --- [    Test worker] c.c.p.PreProjectApplicationTests         : Started PreProjectApplicationTests in 1.578 seconds (JVM running for 4.682)
]]></system-out>
  <system-err><![CDATA[]]></system-err>
</testsuite>
