<?xml version="1.0" encoding="UTF-8"?>
<testsuite name="com.codestates.preproject.domain.member.controller.MemberControllerTest" tests="5" skipped="0" failures="0" errors="0" timestamp="2022-10-28T16:18:41" hostname="bag-yeong-giui-MacBookAir.local" time="0.077">
  <properties/>
  <testcase name="deleteMember()" classname="com.codestates.preproject.domain.member.controller.MemberControllerTest" time="0.01"/>
  <testcase name="patchMember()" classname="com.codestates.preproject.domain.member.controller.MemberControllerTest" time="0.011"/>
  <testcase name="getMember()" classname="com.codestates.preproject.domain.member.controller.MemberControllerTest" time="0.01"/>
  <testcase name="postMember()" classname="com.codestates.preproject.domain.member.controller.MemberControllerTest" time="0.025"/>
  <testcase name="getMembers()" classname="com.codestates.preproject.domain.member.controller.MemberControllerTest" time="0.018"/>
  <system-out><![CDATA[2022-10-29 01:18:40.988  INFO 45962 --- [    Test worker] .b.t.a.w.s.WebMvcTestContextBootstrapper : Neither @ContextConfiguration nor @ContextHierarchy found for test class [com.codestates.preproject.domain.member.controller.MemberControllerTest], using SpringBootContextLoader
2022-10-29 01:18:40.988  INFO 45962 --- [    Test worker] o.s.t.c.support.AbstractContextLoader    : Could not detect default resource locations for test class [com.codestates.preproject.domain.member.controller.MemberControllerTest]: no resource found for suffixes {-context.xml, Context.groovy}.
2022-10-29 01:18:40.988  INFO 45962 --- [    Test worker] t.c.s.AnnotationConfigContextLoaderUtils : Could not detect default configuration classes for test class [com.codestates.preproject.domain.member.controller.MemberControllerTest]: MemberControllerTest does not declare any static, non-private, non-final, nested classes annotated with @Configuration.
2022-10-29 01:18:40.992  INFO 45962 --- [    Test worker] .b.t.c.SpringBootTestContextBootstrapper : Found @SpringBootConfiguration com.codestates.preproject.PreProjectApplication for test class com.codestates.preproject.domain.member.controller.MemberControllerTest
2022-10-29 01:18:40.992  INFO 45962 --- [    Test worker] .b.t.a.w.s.WebMvcTestContextBootstrapper : Loaded default TestExecutionListener class names from location [META-INF/spring.factories]: [org.springframework.boot.test.autoconfigure.restdocs.RestDocsTestExecutionListener, org.springframework.boot.test.autoconfigure.web.client.MockRestServiceServerResetTestExecutionListener, org.springframework.boot.test.autoconfigure.web.servlet.MockMvcPrintOnlyOnFailureTestExecutionListener, org.springframework.boot.test.autoconfigure.web.servlet.WebDriverTestExecutionListener, org.springframework.boot.test.autoconfigure.webservices.client.MockWebServiceServerTestExecutionListener, org.springframework.boot.test.mock.mockito.MockitoTestExecutionListener, org.springframework.boot.test.mock.mockito.ResetMocksTestExecutionListener, org.springframework.test.context.web.ServletTestExecutionListener, org.springframework.test.context.support.DirtiesContextBeforeModesTestExecutionListener, org.springframework.test.context.event.ApplicationEventsTestExecutionListener, org.springframework.test.context.support.DependencyInjectionTestExecutionListener, org.springframework.test.context.support.DirtiesContextTestExecutionListener, org.springframework.test.context.transaction.TransactionalTestExecutionListener, org.springframework.test.context.jdbc.SqlScriptsTestExecutionListener, org.springframework.test.context.event.EventPublishingTestExecutionListener]
2022-10-29 01:18:40.992  INFO 45962 --- [    Test worker] .b.t.a.w.s.WebMvcTestContextBootstrapper : Using TestExecutionListeners: [org.springframework.test.context.web.ServletTestExecutionListener@f6e9c18, org.springframework.test.context.support.DirtiesContextBeforeModesTestExecutionListener@75225415, org.springframework.test.context.event.ApplicationEventsTestExecutionListener@1f6af096, org.springframework.boot.test.mock.mockito.MockitoTestExecutionListener@54b3407b, org.springframework.boot.test.autoconfigure.SpringBootDependencyInjectionTestExecutionListener@2fc698a9, org.springframework.test.context.support.DirtiesContextTestExecutionListener@4823f3b8, org.springframework.test.context.transaction.TransactionalTestExecutionListener@85446a, org.springframework.test.context.jdbc.SqlScriptsTestExecutionListener@4efb7c99, org.springframework.test.context.event.EventPublishingTestExecutionListener@5563a63f, org.springframework.boot.test.autoconfigure.restdocs.RestDocsTestExecutionListener@20a3118, org.springframework.boot.test.autoconfigure.web.client.MockRestServiceServerResetTestExecutionListener@28068327, org.springframework.boot.test.autoconfigure.web.servlet.MockMvcPrintOnlyOnFailureTestExecutionListener@3d8c3d0a, org.springframework.boot.test.autoconfigure.web.servlet.WebDriverTestExecutionListener@751636da, org.springframework.boot.test.autoconfigure.webservices.client.MockWebServiceServerTestExecutionListener@26c75b91, org.springframework.boot.test.mock.mockito.ResetMocksTestExecutionListener@3a44ebd5]

  .   ____          _            __ _ _
 /\\ / ___'_ __ _ _(_)_ __  __ _ \ \ \ \
( ( )\___ | '_ | '_| | '_ \/ _` | \ \ \ \
 \\/  ___)| |_)| | | | | || (_| |  ) ) ) )
  '  |____| .__|_| |_|_| |_\__, | / / / /
 =========|_|==============|___/=/_/_/_/
 :: Spring Boot ::                (v2.7.5)

2022-10-29 01:18:41.001  INFO 45962 --- [    Test worker] c.c.p.d.m.c.MemberControllerTest         : Starting MemberControllerTest using Java 11.0.16.1 on bag-yeong-giui-MacBookAir.local with PID 45962 (started by bag-yeong-gi in /Users/bag-yeong-gi/IdeaProjects/seb40_pre_004/server)
2022-10-29 01:18:41.001  INFO 45962 --- [    Test worker] c.c.p.d.m.c.MemberControllerTest         : The following 1 profile is active: "local"
2022-10-29 01:18:41.154  INFO 45962 --- [    Test worker] o.s.b.t.m.w.SpringBootMockServletContext : Initializing Spring TestDispatcherServlet ''
2022-10-29 01:18:41.154  INFO 45962 --- [    Test worker] o.s.t.web.servlet.TestDispatcherServlet  : Initializing Servlet ''
2022-10-29 01:18:41.154  INFO 45962 --- [    Test worker] o.s.t.web.servlet.TestDispatcherServlet  : Completed initialization in 0 ms
2022-10-29 01:18:41.158  INFO 45962 --- [    Test worker] c.c.p.d.m.c.MemberControllerTest         : Started MemberControllerTest in 0.165 seconds (JVM running for 4.459)
]]></system-out>
  <system-err><![CDATA[]]></system-err>
</testsuite>
