<?xml version="1.0" encoding="UTF-8"?>
<testsuite name="com.codestates.preproject.domain.question.controller.QuestionControllerTest" tests="5" skipped="0" failures="0" errors="0" timestamp="2022-10-26T17:16:18" hostname="bag-yeong-giui-MacBookAir.local" time="0.054">
  <properties/>
  <testcase name="getQuestions()" classname="com.codestates.preproject.domain.question.controller.QuestionControllerTest" time="0.017"/>
  <testcase name="postQuestion()" classname="com.codestates.preproject.domain.question.controller.QuestionControllerTest" time="0.012"/>
  <testcase name="patchQuestion()" classname="com.codestates.preproject.domain.question.controller.QuestionControllerTest" time="0.01"/>
  <testcase name="getQuestion()" classname="com.codestates.preproject.domain.question.controller.QuestionControllerTest" time="0.008"/>
  <testcase name="deleteQuestion()" classname="com.codestates.preproject.domain.question.controller.QuestionControllerTest" time="0.005"/>
  <system-out><![CDATA[2022-10-27 02:16:18.266  INFO 16108 --- [    Test worker] .b.t.a.w.s.WebMvcTestContextBootstrapper : Neither @ContextConfiguration nor @ContextHierarchy found for test class [com.codestates.preproject.domain.question.controller.QuestionControllerTest], using SpringBootContextLoader
2022-10-27 02:16:18.267  INFO 16108 --- [    Test worker] o.s.t.c.support.AbstractContextLoader    : Could not detect default resource locations for test class [com.codestates.preproject.domain.question.controller.QuestionControllerTest]: no resource found for suffixes {-context.xml, Context.groovy}.
2022-10-27 02:16:18.267  INFO 16108 --- [    Test worker] t.c.s.AnnotationConfigContextLoaderUtils : Could not detect default configuration classes for test class [com.codestates.preproject.domain.question.controller.QuestionControllerTest]: QuestionControllerTest does not declare any static, non-private, non-final, nested classes annotated with @Configuration.
2022-10-27 02:16:18.271  INFO 16108 --- [    Test worker] .b.t.c.SpringBootTestContextBootstrapper : Found @SpringBootConfiguration com.codestates.preproject.PreProjectApplication for test class com.codestates.preproject.domain.question.controller.QuestionControllerTest
2022-10-27 02:16:18.272  INFO 16108 --- [    Test worker] .b.t.a.w.s.WebMvcTestContextBootstrapper : Loaded default TestExecutionListener class names from location [META-INF/spring.factories]: [org.springframework.boot.test.autoconfigure.restdocs.RestDocsTestExecutionListener, org.springframework.boot.test.autoconfigure.web.client.MockRestServiceServerResetTestExecutionListener, org.springframework.boot.test.autoconfigure.web.servlet.MockMvcPrintOnlyOnFailureTestExecutionListener, org.springframework.boot.test.autoconfigure.web.servlet.WebDriverTestExecutionListener, org.springframework.boot.test.autoconfigure.webservices.client.MockWebServiceServerTestExecutionListener, org.springframework.boot.test.mock.mockito.MockitoTestExecutionListener, org.springframework.boot.test.mock.mockito.ResetMocksTestExecutionListener, org.springframework.test.context.web.ServletTestExecutionListener, org.springframework.test.context.support.DirtiesContextBeforeModesTestExecutionListener, org.springframework.test.context.event.ApplicationEventsTestExecutionListener, org.springframework.test.context.support.DependencyInjectionTestExecutionListener, org.springframework.test.context.support.DirtiesContextTestExecutionListener, org.springframework.test.context.transaction.TransactionalTestExecutionListener, org.springframework.test.context.jdbc.SqlScriptsTestExecutionListener, org.springframework.test.context.event.EventPublishingTestExecutionListener]
2022-10-27 02:16:18.272  INFO 16108 --- [    Test worker] .b.t.a.w.s.WebMvcTestContextBootstrapper : Using TestExecutionListeners: [org.springframework.test.context.web.ServletTestExecutionListener@731a5a39, org.springframework.test.context.support.DirtiesContextBeforeModesTestExecutionListener@1acd952e, org.springframework.test.context.event.ApplicationEventsTestExecutionListener@6da76bb1, org.springframework.boot.test.mock.mockito.MockitoTestExecutionListener@2ceb722e, org.springframework.boot.test.autoconfigure.SpringBootDependencyInjectionTestExecutionListener@d012e18, org.springframework.test.context.support.DirtiesContextTestExecutionListener@7b13ae73, org.springframework.test.context.transaction.TransactionalTestExecutionListener@2dbfb843, org.springframework.test.context.jdbc.SqlScriptsTestExecutionListener@5ab2c5d8, org.springframework.test.context.event.EventPublishingTestExecutionListener@5ec75178, org.springframework.boot.test.autoconfigure.restdocs.RestDocsTestExecutionListener@38410ce5, org.springframework.boot.test.autoconfigure.web.client.MockRestServiceServerResetTestExecutionListener@68ecc60e, org.springframework.boot.test.autoconfigure.web.servlet.MockMvcPrintOnlyOnFailureTestExecutionListener@24bc52ce, org.springframework.boot.test.autoconfigure.web.servlet.WebDriverTestExecutionListener@40949bb0, org.springframework.boot.test.autoconfigure.webservices.client.MockWebServiceServerTestExecutionListener@70028163, org.springframework.boot.test.mock.mockito.ResetMocksTestExecutionListener@7ed0e5db]

  .   ____          _            __ _ _
 /\\ / ___'_ __ _ _(_)_ __  __ _ \ \ \ \
( ( )\___ | '_ | '_| | '_ \/ _` | \ \ \ \
 \\/  ___)| |_)| | | | | || (_| |  ) ) ) )
  '  |____| .__|_| |_|_| |_\__, | / / / /
 =========|_|==============|___/=/_/_/_/
 :: Spring Boot ::                (v2.7.5)

2022-10-27 02:16:18.282  INFO 16108 --- [    Test worker] c.c.p.d.q.c.QuestionControllerTest       : Starting QuestionControllerTest using Java 11.0.16.1 on bag-yeong-giui-MacBookAir.local with PID 16108 (started by bag-yeong-gi in /Users/bag-yeong-gi/IdeaProjects/seb40_pre_004/server)
2022-10-27 02:16:18.282  INFO 16108 --- [    Test worker] c.c.p.d.q.c.QuestionControllerTest       : The following 1 profile is active: "local"
2022-10-27 02:16:18.454  INFO 16108 --- [    Test worker] o.s.b.t.m.w.SpringBootMockServletContext : Initializing Spring TestDispatcherServlet ''
2022-10-27 02:16:18.454  INFO 16108 --- [    Test worker] o.s.t.web.servlet.TestDispatcherServlet  : Initializing Servlet ''
2022-10-27 02:16:18.454  INFO 16108 --- [    Test worker] o.s.t.web.servlet.TestDispatcherServlet  : Completed initialization in 0 ms
2022-10-27 02:16:18.459  INFO 16108 --- [    Test worker] c.c.p.d.q.c.QuestionControllerTest       : Started QuestionControllerTest in 0.185 seconds (JVM running for 3.845)
]]></system-out>
  <system-err><![CDATA[]]></system-err>
</testsuite>
