<?xml version="1.0" encoding="UTF-8"?>
<testsuite name="com.codestates.preproject.domain.member.controller.MemberControllerTest" tests="5" skipped="0" failures="0" errors="0" timestamp="2022-10-30T10:33:35" hostname="bag-yeong-giui-MacBookAir.local" time="0.076">
  <properties/>
  <testcase name="deleteMember()" classname="com.codestates.preproject.domain.member.controller.MemberControllerTest" time="0.01"/>
  <testcase name="patchMember()" classname="com.codestates.preproject.domain.member.controller.MemberControllerTest" time="0.012"/>
  <testcase name="getMember()" classname="com.codestates.preproject.domain.member.controller.MemberControllerTest" time="0.008"/>
  <testcase name="postMember()" classname="com.codestates.preproject.domain.member.controller.MemberControllerTest" time="0.024"/>
  <testcase name="getMembers()" classname="com.codestates.preproject.domain.member.controller.MemberControllerTest" time="0.018"/>
  <system-out><![CDATA[2022-10-30 19:33:35.413  INFO 65474 --- [    Test worker] .b.t.a.w.s.WebMvcTestContextBootstrapper : Neither @ContextConfiguration nor @ContextHierarchy found for test class [com.codestates.preproject.domain.member.controller.MemberControllerTest], using SpringBootContextLoader
2022-10-30 19:33:35.414  INFO 65474 --- [    Test worker] o.s.t.c.support.AbstractContextLoader    : Could not detect default resource locations for test class [com.codestates.preproject.domain.member.controller.MemberControllerTest]: no resource found for suffixes {-context.xml, Context.groovy}.
2022-10-30 19:33:35.414  INFO 65474 --- [    Test worker] t.c.s.AnnotationConfigContextLoaderUtils : Could not detect default configuration classes for test class [com.codestates.preproject.domain.member.controller.MemberControllerTest]: MemberControllerTest does not declare any static, non-private, non-final, nested classes annotated with @Configuration.
2022-10-30 19:33:35.417  INFO 65474 --- [    Test worker] .b.t.c.SpringBootTestContextBootstrapper : Found @SpringBootConfiguration com.codestates.preproject.PreProjectApplication for test class com.codestates.preproject.domain.member.controller.MemberControllerTest
2022-10-30 19:33:35.418  INFO 65474 --- [    Test worker] .b.t.a.w.s.WebMvcTestContextBootstrapper : Loaded default TestExecutionListener class names from location [META-INF/spring.factories]: [org.springframework.boot.test.autoconfigure.restdocs.RestDocsTestExecutionListener, org.springframework.boot.test.autoconfigure.web.client.MockRestServiceServerResetTestExecutionListener, org.springframework.boot.test.autoconfigure.web.servlet.MockMvcPrintOnlyOnFailureTestExecutionListener, org.springframework.boot.test.autoconfigure.web.servlet.WebDriverTestExecutionListener, org.springframework.boot.test.autoconfigure.webservices.client.MockWebServiceServerTestExecutionListener, org.springframework.boot.test.mock.mockito.MockitoTestExecutionListener, org.springframework.boot.test.mock.mockito.ResetMocksTestExecutionListener, org.springframework.test.context.web.ServletTestExecutionListener, org.springframework.test.context.support.DirtiesContextBeforeModesTestExecutionListener, org.springframework.test.context.event.ApplicationEventsTestExecutionListener, org.springframework.test.context.support.DependencyInjectionTestExecutionListener, org.springframework.test.context.support.DirtiesContextTestExecutionListener, org.springframework.test.context.transaction.TransactionalTestExecutionListener, org.springframework.test.context.jdbc.SqlScriptsTestExecutionListener, org.springframework.test.context.event.EventPublishingTestExecutionListener]
2022-10-30 19:33:35.418  INFO 65474 --- [    Test worker] .b.t.a.w.s.WebMvcTestContextBootstrapper : Using TestExecutionListeners: [org.springframework.test.context.web.ServletTestExecutionListener@3e1f6318, org.springframework.test.context.support.DirtiesContextBeforeModesTestExecutionListener@23182d4d, org.springframework.test.context.event.ApplicationEventsTestExecutionListener@22ca5fe1, org.springframework.boot.test.mock.mockito.MockitoTestExecutionListener@45cd5c56, org.springframework.boot.test.autoconfigure.SpringBootDependencyInjectionTestExecutionListener@8fe054, org.springframework.test.context.support.DirtiesContextTestExecutionListener@629fc74d, org.springframework.test.context.transaction.TransactionalTestExecutionListener@12dab9a8, org.springframework.test.context.jdbc.SqlScriptsTestExecutionListener@3d5a6849, org.springframework.test.context.event.EventPublishingTestExecutionListener@4228a2f6, org.springframework.boot.test.autoconfigure.restdocs.RestDocsTestExecutionListener@5e91b051, org.springframework.boot.test.autoconfigure.web.client.MockRestServiceServerResetTestExecutionListener@19c145d2, org.springframework.boot.test.autoconfigure.web.servlet.MockMvcPrintOnlyOnFailureTestExecutionListener@77376e83, org.springframework.boot.test.autoconfigure.web.servlet.WebDriverTestExecutionListener@708f4d81, org.springframework.boot.test.autoconfigure.webservices.client.MockWebServiceServerTestExecutionListener@23cf78f9, org.springframework.boot.test.mock.mockito.ResetMocksTestExecutionListener@30b35687]

  .   ____          _            __ _ _
 /\\ / ___'_ __ _ _(_)_ __  __ _ \ \ \ \
( ( )\___ | '_ | '_| | '_ \/ _` | \ \ \ \
 \\/  ___)| |_)| | | | | || (_| |  ) ) ) )
  '  |____| .__|_| |_|_| |_\__, | / / / /
 =========|_|==============|___/=/_/_/_/
 :: Spring Boot ::                (v2.7.5)

2022-10-30 19:33:35.427  INFO 65474 --- [    Test worker] c.c.p.d.m.c.MemberControllerTest         : Starting MemberControllerTest using Java 11.0.16.1 on bag-yeong-giui-MacBookAir.local with PID 65474 (started by bag-yeong-gi in /Users/bag-yeong-gi/IdeaProjects/preproject)
2022-10-30 19:33:35.427  INFO 65474 --- [    Test worker] c.c.p.d.m.c.MemberControllerTest         : The following 1 profile is active: "local"
2022-10-30 19:33:35.584  INFO 65474 --- [    Test worker] o.s.b.t.m.w.SpringBootMockServletContext : Initializing Spring TestDispatcherServlet ''
2022-10-30 19:33:35.584  INFO 65474 --- [    Test worker] o.s.t.web.servlet.TestDispatcherServlet  : Initializing Servlet ''
2022-10-30 19:33:35.585  INFO 65474 --- [    Test worker] o.s.t.web.servlet.TestDispatcherServlet  : Completed initialization in 1 ms
2022-10-30 19:33:35.589  INFO 65474 --- [    Test worker] c.c.p.d.m.c.MemberControllerTest         : Started MemberControllerTest in 0.169 seconds (JVM running for 4.323)
]]></system-out>
  <system-err><![CDATA[]]></system-err>
</testsuite>
