<?xml version="1.0" encoding="UTF-8"?>
<testsuite name="com.codestates.preproject.domain.question.controller.QuestionControllerTest" tests="5" skipped="0" failures="0" errors="0" timestamp="2022-10-30T10:33:35" hostname="bag-yeong-giui-MacBookAir.local" time="0.056">
  <properties/>
  <testcase name="getQuestions()" classname="com.codestates.preproject.domain.question.controller.QuestionControllerTest" time="0.017"/>
  <testcase name="postQuestion()" classname="com.codestates.preproject.domain.question.controller.QuestionControllerTest" time="0.013"/>
  <testcase name="patchQuestion()" classname="com.codestates.preproject.domain.question.controller.QuestionControllerTest" time="0.01"/>
  <testcase name="getQuestion()" classname="com.codestates.preproject.domain.question.controller.QuestionControllerTest" time="0.01"/>
  <testcase name="deleteQuestion()" classname="com.codestates.preproject.domain.question.controller.QuestionControllerTest" time="0.005"/>
  <system-out><![CDATA[2022-10-30 19:33:35.667  INFO 65474 --- [    Test worker] .b.t.a.w.s.WebMvcTestContextBootstrapper : Neither @ContextConfiguration nor @ContextHierarchy found for test class [com.codestates.preproject.domain.question.controller.QuestionControllerTest], using SpringBootContextLoader
2022-10-30 19:33:35.667  INFO 65474 --- [    Test worker] o.s.t.c.support.AbstractContextLoader    : Could not detect default resource locations for test class [com.codestates.preproject.domain.question.controller.QuestionControllerTest]: no resource found for suffixes {-context.xml, Context.groovy}.
2022-10-30 19:33:35.667  INFO 65474 --- [    Test worker] t.c.s.AnnotationConfigContextLoaderUtils : Could not detect default configuration classes for test class [com.codestates.preproject.domain.question.controller.QuestionControllerTest]: QuestionControllerTest does not declare any static, non-private, non-final, nested classes annotated with @Configuration.
2022-10-30 19:33:35.671  INFO 65474 --- [    Test worker] .b.t.c.SpringBootTestContextBootstrapper : Found @SpringBootConfiguration com.codestates.preproject.PreProjectApplication for test class com.codestates.preproject.domain.question.controller.QuestionControllerTest
2022-10-30 19:33:35.671  INFO 65474 --- [    Test worker] .b.t.a.w.s.WebMvcTestContextBootstrapper : Loaded default TestExecutionListener class names from location [META-INF/spring.factories]: [org.springframework.boot.test.autoconfigure.restdocs.RestDocsTestExecutionListener, org.springframework.boot.test.autoconfigure.web.client.MockRestServiceServerResetTestExecutionListener, org.springframework.boot.test.autoconfigure.web.servlet.MockMvcPrintOnlyOnFailureTestExecutionListener, org.springframework.boot.test.autoconfigure.web.servlet.WebDriverTestExecutionListener, org.springframework.boot.test.autoconfigure.webservices.client.MockWebServiceServerTestExecutionListener, org.springframework.boot.test.mock.mockito.MockitoTestExecutionListener, org.springframework.boot.test.mock.mockito.ResetMocksTestExecutionListener, org.springframework.test.context.web.ServletTestExecutionListener, org.springframework.test.context.support.DirtiesContextBeforeModesTestExecutionListener, org.springframework.test.context.event.ApplicationEventsTestExecutionListener, org.springframework.test.context.support.DependencyInjectionTestExecutionListener, org.springframework.test.context.support.DirtiesContextTestExecutionListener, org.springframework.test.context.transaction.TransactionalTestExecutionListener, org.springframework.test.context.jdbc.SqlScriptsTestExecutionListener, org.springframework.test.context.event.EventPublishingTestExecutionListener]
2022-10-30 19:33:35.672  INFO 65474 --- [    Test worker] .b.t.a.w.s.WebMvcTestContextBootstrapper : Using TestExecutionListeners: [org.springframework.test.context.web.ServletTestExecutionListener@d56d9f6, org.springframework.test.context.support.DirtiesContextBeforeModesTestExecutionListener@358f85b1, org.springframework.test.context.event.ApplicationEventsTestExecutionListener@2b01bb54, org.springframework.boot.test.mock.mockito.MockitoTestExecutionListener@e822394, org.springframework.boot.test.autoconfigure.SpringBootDependencyInjectionTestExecutionListener@3520d2db, org.springframework.test.context.support.DirtiesContextTestExecutionListener@7c4b7bc3, org.springframework.test.context.transaction.TransactionalTestExecutionListener@5a36a405, org.springframework.test.context.jdbc.SqlScriptsTestExecutionListener@45b7b254, org.springframework.test.context.event.EventPublishingTestExecutionListener@76320633, org.springframework.boot.test.autoconfigure.restdocs.RestDocsTestExecutionListener@5100fe55, org.springframework.boot.test.autoconfigure.web.client.MockRestServiceServerResetTestExecutionListener@3ef97efc, org.springframework.boot.test.autoconfigure.web.servlet.MockMvcPrintOnlyOnFailureTestExecutionListener@46244e65, org.springframework.boot.test.autoconfigure.web.servlet.WebDriverTestExecutionListener@20c1cb0c, org.springframework.boot.test.autoconfigure.webservices.client.MockWebServiceServerTestExecutionListener@76e56b17, org.springframework.boot.test.mock.mockito.ResetMocksTestExecutionListener@31ee5a9]

  .   ____          _            __ _ _
 /\\ / ___'_ __ _ _(_)_ __  __ _ \ \ \ \
( ( )\___ | '_ | '_| | '_ \/ _` | \ \ \ \
 \\/  ___)| |_)| | | | | || (_| |  ) ) ) )
  '  |____| .__|_| |_|_| |_\__, | / / / /
 =========|_|==============|___/=/_/_/_/
 :: Spring Boot ::                (v2.7.5)

2022-10-30 19:33:35.683  INFO 65474 --- [    Test worker] c.c.p.d.q.c.QuestionControllerTest       : Starting QuestionControllerTest using Java 11.0.16.1 on bag-yeong-giui-MacBookAir.local with PID 65474 (started by bag-yeong-gi in /Users/bag-yeong-gi/IdeaProjects/preproject)
2022-10-30 19:33:35.683  INFO 65474 --- [    Test worker] c.c.p.d.q.c.QuestionControllerTest       : The following 1 profile is active: "local"
2022-10-30 19:33:35.840  INFO 65474 --- [    Test worker] o.s.b.t.m.w.SpringBootMockServletContext : Initializing Spring TestDispatcherServlet ''
2022-10-30 19:33:35.840  INFO 65474 --- [    Test worker] o.s.t.web.servlet.TestDispatcherServlet  : Initializing Servlet ''
2022-10-30 19:33:35.840  INFO 65474 --- [    Test worker] o.s.t.web.servlet.TestDispatcherServlet  : Completed initialization in 0 ms
2022-10-30 19:33:35.844  INFO 65474 --- [    Test worker] c.c.p.d.q.c.QuestionControllerTest       : Started QuestionControllerTest in 0.172 seconds (JVM running for 4.579)
]]></system-out>
  <system-err><![CDATA[]]></system-err>
</testsuite>
