<?xml version="1.0" encoding="UTF-8"?>
<testsuite name="com.codestates.preproject.domain.question.controller.QuestionControllerTest" tests="5" skipped="0" failures="0" errors="0" timestamp="2022-10-26T17:44:36" hostname="bag-yeong-giui-MacBookAir.local" time="0.056">
  <properties/>
  <testcase name="getQuestions()" classname="com.codestates.preproject.domain.question.controller.QuestionControllerTest" time="0.017"/>
  <testcase name="postQuestion()" classname="com.codestates.preproject.domain.question.controller.QuestionControllerTest" time="0.011"/>
  <testcase name="patchQuestion()" classname="com.codestates.preproject.domain.question.controller.QuestionControllerTest" time="0.012"/>
  <testcase name="getQuestion()" classname="com.codestates.preproject.domain.question.controller.QuestionControllerTest" time="0.007"/>
  <testcase name="deleteQuestion()" classname="com.codestates.preproject.domain.question.controller.QuestionControllerTest" time="0.005"/>
  <system-out><![CDATA[2022-10-27 02:44:35.910  INFO 17172 --- [    Test worker] .b.t.a.w.s.WebMvcTestContextBootstrapper : Neither @ContextConfiguration nor @ContextHierarchy found for test class [com.codestates.preproject.domain.question.controller.QuestionControllerTest], using SpringBootContextLoader
2022-10-27 02:44:35.910  INFO 17172 --- [    Test worker] o.s.t.c.support.AbstractContextLoader    : Could not detect default resource locations for test class [com.codestates.preproject.domain.question.controller.QuestionControllerTest]: no resource found for suffixes {-context.xml, Context.groovy}.
2022-10-27 02:44:35.910  INFO 17172 --- [    Test worker] t.c.s.AnnotationConfigContextLoaderUtils : Could not detect default configuration classes for test class [com.codestates.preproject.domain.question.controller.QuestionControllerTest]: QuestionControllerTest does not declare any static, non-private, non-final, nested classes annotated with @Configuration.
2022-10-27 02:44:35.914  INFO 17172 --- [    Test worker] .b.t.c.SpringBootTestContextBootstrapper : Found @SpringBootConfiguration com.codestates.preproject.PreProjectApplication for test class com.codestates.preproject.domain.question.controller.QuestionControllerTest
2022-10-27 02:44:35.915  INFO 17172 --- [    Test worker] .b.t.a.w.s.WebMvcTestContextBootstrapper : Loaded default TestExecutionListener class names from location [META-INF/spring.factories]: [org.springframework.boot.test.autoconfigure.restdocs.RestDocsTestExecutionListener, org.springframework.boot.test.autoconfigure.web.client.MockRestServiceServerResetTestExecutionListener, org.springframework.boot.test.autoconfigure.web.servlet.MockMvcPrintOnlyOnFailureTestExecutionListener, org.springframework.boot.test.autoconfigure.web.servlet.WebDriverTestExecutionListener, org.springframework.boot.test.autoconfigure.webservices.client.MockWebServiceServerTestExecutionListener, org.springframework.boot.test.mock.mockito.MockitoTestExecutionListener, org.springframework.boot.test.mock.mockito.ResetMocksTestExecutionListener, org.springframework.test.context.web.ServletTestExecutionListener, org.springframework.test.context.support.DirtiesContextBeforeModesTestExecutionListener, org.springframework.test.context.event.ApplicationEventsTestExecutionListener, org.springframework.test.context.support.DependencyInjectionTestExecutionListener, org.springframework.test.context.support.DirtiesContextTestExecutionListener, org.springframework.test.context.transaction.TransactionalTestExecutionListener, org.springframework.test.context.jdbc.SqlScriptsTestExecutionListener, org.springframework.test.context.event.EventPublishingTestExecutionListener]
2022-10-27 02:44:35.915  INFO 17172 --- [    Test worker] .b.t.a.w.s.WebMvcTestContextBootstrapper : Using TestExecutionListeners: [org.springframework.test.context.web.ServletTestExecutionListener@3d1703f8, org.springframework.test.context.support.DirtiesContextBeforeModesTestExecutionListener@2d492d46, org.springframework.test.context.event.ApplicationEventsTestExecutionListener@7bb78381, org.springframework.boot.test.mock.mockito.MockitoTestExecutionListener@50479c2b, org.springframework.boot.test.autoconfigure.SpringBootDependencyInjectionTestExecutionListener@554a4d18, org.springframework.test.context.support.DirtiesContextTestExecutionListener@318d69ea, org.springframework.test.context.transaction.TransactionalTestExecutionListener@76614fd1, org.springframework.test.context.jdbc.SqlScriptsTestExecutionListener@1a2b23f2, org.springframework.test.context.event.EventPublishingTestExecutionListener@1d8e9f22, org.springframework.boot.test.autoconfigure.restdocs.RestDocsTestExecutionListener@47166740, org.springframework.boot.test.autoconfigure.web.client.MockRestServiceServerResetTestExecutionListener@3b75b7b4, org.springframework.boot.test.autoconfigure.web.servlet.MockMvcPrintOnlyOnFailureTestExecutionListener@7882379b, org.springframework.boot.test.autoconfigure.web.servlet.WebDriverTestExecutionListener@119cd026, org.springframework.boot.test.autoconfigure.webservices.client.MockWebServiceServerTestExecutionListener@65448932, org.springframework.boot.test.mock.mockito.ResetMocksTestExecutionListener@731a5a39]

  .   ____          _            __ _ _
 /\\ / ___'_ __ _ _(_)_ __  __ _ \ \ \ \
( ( )\___ | '_ | '_| | '_ \/ _` | \ \ \ \
 \\/  ___)| |_)| | | | | || (_| |  ) ) ) )
  '  |____| .__|_| |_|_| |_\__, | / / / /
 =========|_|==============|___/=/_/_/_/
 :: Spring Boot ::                (v2.7.5)

2022-10-27 02:44:35.925  INFO 17172 --- [    Test worker] c.c.p.d.q.c.QuestionControllerTest       : Starting QuestionControllerTest using Java 11.0.16.1 on bag-yeong-giui-MacBookAir.local with PID 17172 (started by bag-yeong-gi in /Users/bag-yeong-gi/IdeaProjects/seb40_pre_004/server)
2022-10-27 02:44:35.925  INFO 17172 --- [    Test worker] c.c.p.d.q.c.QuestionControllerTest       : The following 1 profile is active: "local"
2022-10-27 02:44:36.093  INFO 17172 --- [    Test worker] o.s.b.t.m.w.SpringBootMockServletContext : Initializing Spring TestDispatcherServlet ''
2022-10-27 02:44:36.094  INFO 17172 --- [    Test worker] o.s.t.web.servlet.TestDispatcherServlet  : Initializing Servlet ''
2022-10-27 02:44:36.094  INFO 17172 --- [    Test worker] o.s.t.web.servlet.TestDispatcherServlet  : Completed initialization in 0 ms
2022-10-27 02:44:36.098  INFO 17172 --- [    Test worker] c.c.p.d.q.c.QuestionControllerTest       : Started QuestionControllerTest in 0.181 seconds (JVM running for 4.095)
]]></system-out>
  <system-err><![CDATA[]]></system-err>
</testsuite>
