<?xml version="1.0" encoding="UTF-8"?>
<testsuite name="com.codestates.preproject.domain.member.controller.MemberControllerTest" tests="5" skipped="0" failures="0" errors="0" timestamp="2022-10-26T02:56:02" hostname="bag-yeong-giui-MacBookAir.local" time="0.25">
  <properties/>
  <testcase name="deleteMember()" classname="com.codestates.preproject.domain.member.controller.MemberControllerTest" time="0.083"/>
  <testcase name="patchMember()" classname="com.codestates.preproject.domain.member.controller.MemberControllerTest" time="0.096"/>
  <testcase name="getMember()" classname="com.codestates.preproject.domain.member.controller.MemberControllerTest" time="0.013"/>
  <testcase name="postMember()" classname="com.codestates.preproject.domain.member.controller.MemberControllerTest" time="0.029"/>
  <testcase name="getMembers()" classname="com.codestates.preproject.domain.member.controller.MemberControllerTest" time="0.023"/>
  <system-out><![CDATA[2022-10-26 11:56:02.537  INFO 5906 --- [    Test worker] .b.t.a.w.s.WebMvcTestContextBootstrapper : Neither @ContextConfiguration nor @ContextHierarchy found for test class [com.codestates.preproject.domain.member.controller.MemberControllerTest], using SpringBootContextLoader
2022-10-26 11:56:02.538  INFO 5906 --- [    Test worker] o.s.t.c.support.AbstractContextLoader    : Could not detect default resource locations for test class [com.codestates.preproject.domain.member.controller.MemberControllerTest]: no resource found for suffixes {-context.xml, Context.groovy}.
2022-10-26 11:56:02.538  INFO 5906 --- [    Test worker] t.c.s.AnnotationConfigContextLoaderUtils : Could not detect default configuration classes for test class [com.codestates.preproject.domain.member.controller.MemberControllerTest]: MemberControllerTest does not declare any static, non-private, non-final, nested classes annotated with @Configuration.
2022-10-26 11:56:02.554  INFO 5906 --- [    Test worker] .b.t.c.SpringBootTestContextBootstrapper : Found @SpringBootConfiguration com.codestates.preproject.PreProjectApplication for test class com.codestates.preproject.domain.member.controller.MemberControllerTest
2022-10-26 11:56:02.555  INFO 5906 --- [    Test worker] .b.t.a.w.s.WebMvcTestContextBootstrapper : Loaded default TestExecutionListener class names from location [META-INF/spring.factories]: [org.springframework.boot.test.autoconfigure.restdocs.RestDocsTestExecutionListener, org.springframework.boot.test.autoconfigure.web.client.MockRestServiceServerResetTestExecutionListener, org.springframework.boot.test.autoconfigure.web.servlet.MockMvcPrintOnlyOnFailureTestExecutionListener, org.springframework.boot.test.autoconfigure.web.servlet.WebDriverTestExecutionListener, org.springframework.boot.test.autoconfigure.webservices.client.MockWebServiceServerTestExecutionListener, org.springframework.boot.test.mock.mockito.MockitoTestExecutionListener, org.springframework.boot.test.mock.mockito.ResetMocksTestExecutionListener, org.springframework.test.context.web.ServletTestExecutionListener, org.springframework.test.context.support.DirtiesContextBeforeModesTestExecutionListener, org.springframework.test.context.event.ApplicationEventsTestExecutionListener, org.springframework.test.context.support.DependencyInjectionTestExecutionListener, org.springframework.test.context.support.DirtiesContextTestExecutionListener, org.springframework.test.context.transaction.TransactionalTestExecutionListener, org.springframework.test.context.jdbc.SqlScriptsTestExecutionListener, org.springframework.test.context.event.EventPublishingTestExecutionListener]
2022-10-26 11:56:02.555  INFO 5906 --- [    Test worker] .b.t.a.w.s.WebMvcTestContextBootstrapper : Using TestExecutionListeners: [org.springframework.test.context.web.ServletTestExecutionListener@7c0ecdbf, org.springframework.test.context.support.DirtiesContextBeforeModesTestExecutionListener@19bad88, org.springframework.test.context.event.ApplicationEventsTestExecutionListener@2226fd2b, org.springframework.boot.test.mock.mockito.MockitoTestExecutionListener@1488d1c, org.springframework.boot.test.autoconfigure.SpringBootDependencyInjectionTestExecutionListener@b21cbbf, org.springframework.test.context.support.DirtiesContextTestExecutionListener@578ac0be, org.springframework.test.context.transaction.TransactionalTestExecutionListener@4250b0c1, org.springframework.test.context.jdbc.SqlScriptsTestExecutionListener@7b5e5fa, org.springframework.test.context.event.EventPublishingTestExecutionListener@24caa80, org.springframework.boot.test.autoconfigure.restdocs.RestDocsTestExecutionListener@3420547, org.springframework.boot.test.autoconfigure.web.client.MockRestServiceServerResetTestExecutionListener@44d36b56, org.springframework.boot.test.autoconfigure.web.servlet.MockMvcPrintOnlyOnFailureTestExecutionListener@6ce1cc03, org.springframework.boot.test.autoconfigure.web.servlet.WebDriverTestExecutionListener@b1e63b5, org.springframework.boot.test.autoconfigure.webservices.client.MockWebServiceServerTestExecutionListener@186537ac, org.springframework.boot.test.mock.mockito.ResetMocksTestExecutionListener@4733662d]

  .   ____          _            __ _ _
 /\\ / ___'_ __ _ _(_)_ __  __ _ \ \ \ \
( ( )\___ | '_ | '_| | '_ \/ _` | \ \ \ \
 \\/  ___)| |_)| | | | | || (_| |  ) ) ) )
  '  |____| .__|_| |_|_| |_\__, | / / / /
 =========|_|==============|___/=/_/_/_/
 :: Spring Boot ::                (v2.7.5)

2022-10-26 11:56:02.583  INFO 5906 --- [    Test worker] c.c.p.d.m.c.MemberControllerTest         : Starting MemberControllerTest using Java 11.0.16.1 on bag-yeong-giui-MacBookAir.local with PID 5906 (started by bag-yeong-gi in /Users/bag-yeong-gi/IdeaProjects/seb40_pre_004/server)
2022-10-26 11:56:02.583  INFO 5906 --- [    Test worker] c.c.p.d.m.c.MemberControllerTest         : The following 1 profile is active: "local"
2022-10-26 11:56:02.899  INFO 5906 --- [    Test worker] o.s.b.t.m.w.SpringBootMockServletContext : Initializing Spring TestDispatcherServlet ''
2022-10-26 11:56:02.899  INFO 5906 --- [    Test worker] o.s.t.web.servlet.TestDispatcherServlet  : Initializing Servlet ''
2022-10-26 11:56:02.900  INFO 5906 --- [    Test worker] o.s.t.web.servlet.TestDispatcherServlet  : Completed initialization in 1 ms
2022-10-26 11:56:02.908  INFO 5906 --- [    Test worker] c.c.p.d.m.c.MemberControllerTest         : Started MemberControllerTest in 0.351 seconds (JVM running for 3.792)
]]></system-out>
  <system-err><![CDATA[]]></system-err>
</testsuite>
