<?xml version="1.0" encoding="UTF-8"?>
<testsuite name="com.codestates.preproject.domain.answer.controller.AnswerControllerTest" tests="5" skipped="0" failures="0" errors="0" timestamp="2022-10-30T10:33:34" hostname="bag-yeong-giui-MacBookAir.local" time="0.238">
  <properties/>
  <testcase name="deleteAnswer()" classname="com.codestates.preproject.domain.answer.controller.AnswerControllerTest" time="0.075"/>
  <testcase name="patchAnswer()" classname="com.codestates.preproject.domain.answer.controller.AnswerControllerTest" time="0.105"/>
  <testcase name="getAnswers()" classname="com.codestates.preproject.domain.answer.controller.AnswerControllerTest" time="0.027"/>
  <testcase name="getAnswer()" classname="com.codestates.preproject.domain.answer.controller.AnswerControllerTest" time="0.011"/>
  <testcase name="postAnswer()" classname="com.codestates.preproject.domain.answer.controller.AnswerControllerTest" time="0.017"/>
  <system-out><![CDATA[2022-10-30 19:33:34.559  INFO 65474 --- [    Test worker] .b.t.a.w.s.WebMvcTestContextBootstrapper : Neither @ContextConfiguration nor @ContextHierarchy found for test class [com.codestates.preproject.domain.answer.controller.AnswerControllerTest], using SpringBootContextLoader
2022-10-30 19:33:34.559  INFO 65474 --- [    Test worker] o.s.t.c.support.AbstractContextLoader    : Could not detect default resource locations for test class [com.codestates.preproject.domain.answer.controller.AnswerControllerTest]: no resource found for suffixes {-context.xml, Context.groovy}.
2022-10-30 19:33:34.559  INFO 65474 --- [    Test worker] t.c.s.AnnotationConfigContextLoaderUtils : Could not detect default configuration classes for test class [com.codestates.preproject.domain.answer.controller.AnswerControllerTest]: AnswerControllerTest does not declare any static, non-private, non-final, nested classes annotated with @Configuration.
2022-10-30 19:33:34.573  INFO 65474 --- [    Test worker] .b.t.c.SpringBootTestContextBootstrapper : Found @SpringBootConfiguration com.codestates.preproject.PreProjectApplication for test class com.codestates.preproject.domain.answer.controller.AnswerControllerTest
2022-10-30 19:33:34.573  INFO 65474 --- [    Test worker] .b.t.a.w.s.WebMvcTestContextBootstrapper : Loaded default TestExecutionListener class names from location [META-INF/spring.factories]: [org.springframework.boot.test.autoconfigure.restdocs.RestDocsTestExecutionListener, org.springframework.boot.test.autoconfigure.web.client.MockRestServiceServerResetTestExecutionListener, org.springframework.boot.test.autoconfigure.web.servlet.MockMvcPrintOnlyOnFailureTestExecutionListener, org.springframework.boot.test.autoconfigure.web.servlet.WebDriverTestExecutionListener, org.springframework.boot.test.autoconfigure.webservices.client.MockWebServiceServerTestExecutionListener, org.springframework.boot.test.mock.mockito.MockitoTestExecutionListener, org.springframework.boot.test.mock.mockito.ResetMocksTestExecutionListener, org.springframework.test.context.web.ServletTestExecutionListener, org.springframework.test.context.support.DirtiesContextBeforeModesTestExecutionListener, org.springframework.test.context.event.ApplicationEventsTestExecutionListener, org.springframework.test.context.support.DependencyInjectionTestExecutionListener, org.springframework.test.context.support.DirtiesContextTestExecutionListener, org.springframework.test.context.transaction.TransactionalTestExecutionListener, org.springframework.test.context.jdbc.SqlScriptsTestExecutionListener, org.springframework.test.context.event.EventPublishingTestExecutionListener]
2022-10-30 19:33:34.574  INFO 65474 --- [    Test worker] .b.t.a.w.s.WebMvcTestContextBootstrapper : Using TestExecutionListeners: [org.springframework.test.context.web.ServletTestExecutionListener@5fc42998, org.springframework.test.context.support.DirtiesContextBeforeModesTestExecutionListener@16422f27, org.springframework.test.context.event.ApplicationEventsTestExecutionListener@5dfb65d5, org.springframework.boot.test.mock.mockito.MockitoTestExecutionListener@f4aec23, org.springframework.boot.test.autoconfigure.SpringBootDependencyInjectionTestExecutionListener@713c8cbb, org.springframework.test.context.support.DirtiesContextTestExecutionListener@7680beac, org.springframework.test.context.transaction.TransactionalTestExecutionListener@7053a864, org.springframework.test.context.jdbc.SqlScriptsTestExecutionListener@282079b9, org.springframework.test.context.event.EventPublishingTestExecutionListener@3d6c7152, org.springframework.boot.test.autoconfigure.restdocs.RestDocsTestExecutionListener@4e6add8d, org.springframework.boot.test.autoconfigure.web.client.MockRestServiceServerResetTestExecutionListener@23974cac, org.springframework.boot.test.autoconfigure.web.servlet.MockMvcPrintOnlyOnFailureTestExecutionListener@85104d6, org.springframework.boot.test.autoconfigure.web.servlet.WebDriverTestExecutionListener@56e9126f, org.springframework.boot.test.autoconfigure.webservices.client.MockWebServiceServerTestExecutionListener@4e773b8a, org.springframework.boot.test.mock.mockito.ResetMocksTestExecutionListener@579cfcc4]

  .   ____          _            __ _ _
 /\\ / ___'_ __ _ _(_)_ __  __ _ \ \ \ \
( ( )\___ | '_ | '_| | '_ \/ _` | \ \ \ \
 \\/  ___)| |_)| | | | | || (_| |  ) ) ) )
  '  |____| .__|_| |_|_| |_\__, | / / / /
 =========|_|==============|___/=/_/_/_/
 :: Spring Boot ::                (v2.7.5)

2022-10-30 19:33:34.597  INFO 65474 --- [    Test worker] c.c.p.d.a.c.AnswerControllerTest         : Starting AnswerControllerTest using Java 11.0.16.1 on bag-yeong-giui-MacBookAir.local with PID 65474 (started by bag-yeong-gi in /Users/bag-yeong-gi/IdeaProjects/preproject)
2022-10-30 19:33:34.597  INFO 65474 --- [    Test worker] c.c.p.d.a.c.AnswerControllerTest         : The following 1 profile is active: "local"
2022-10-30 19:33:34.912  INFO 65474 --- [    Test worker] o.s.b.t.m.w.SpringBootMockServletContext : Initializing Spring TestDispatcherServlet ''
2022-10-30 19:33:34.913  INFO 65474 --- [    Test worker] o.s.t.web.servlet.TestDispatcherServlet  : Initializing Servlet ''
2022-10-30 19:33:34.913  INFO 65474 --- [    Test worker] o.s.t.web.servlet.TestDispatcherServlet  : Completed initialization in 0 ms
2022-10-30 19:33:34.919  INFO 65474 --- [    Test worker] c.c.p.d.a.c.AnswerControllerTest         : Started AnswerControllerTest in 0.343 seconds (JVM running for 3.653)
]]></system-out>
  <system-err><![CDATA[]]></system-err>
</testsuite>
