<?xml version="1.0" encoding="UTF-8"?>
<testsuite name="com.codestates.preproject.domain.member.controller.MemberControllerTest" tests="5" skipped="0" failures="0" errors="0" timestamp="2022-10-26T17:44:35" hostname="bag-yeong-giui-MacBookAir.local" time="0.244">
  <properties/>
  <testcase name="deleteMember()" classname="com.codestates.preproject.domain.member.controller.MemberControllerTest" time="0.076"/>
  <testcase name="patchMember()" classname="com.codestates.preproject.domain.member.controller.MemberControllerTest" time="0.097"/>
  <testcase name="getMember()" classname="com.codestates.preproject.domain.member.controller.MemberControllerTest" time="0.01"/>
  <testcase name="postMember()" classname="com.codestates.preproject.domain.member.controller.MemberControllerTest" time="0.033"/>
  <testcase name="getMembers()" classname="com.codestates.preproject.domain.member.controller.MemberControllerTest" time="0.024"/>
  <system-out><![CDATA[2022-10-27 02:44:35.339  INFO 17172 --- [    Test worker] .b.t.a.w.s.WebMvcTestContextBootstrapper : Neither @ContextConfiguration nor @ContextHierarchy found for test class [com.codestates.preproject.domain.member.controller.MemberControllerTest], using SpringBootContextLoader
2022-10-27 02:44:35.339  INFO 17172 --- [    Test worker] o.s.t.c.support.AbstractContextLoader    : Could not detect default resource locations for test class [com.codestates.preproject.domain.member.controller.MemberControllerTest]: no resource found for suffixes {-context.xml, Context.groovy}.
2022-10-27 02:44:35.339  INFO 17172 --- [    Test worker] t.c.s.AnnotationConfigContextLoaderUtils : Could not detect default configuration classes for test class [com.codestates.preproject.domain.member.controller.MemberControllerTest]: MemberControllerTest does not declare any static, non-private, non-final, nested classes annotated with @Configuration.
2022-10-27 02:44:35.352  INFO 17172 --- [    Test worker] .b.t.c.SpringBootTestContextBootstrapper : Found @SpringBootConfiguration com.codestates.preproject.PreProjectApplication for test class com.codestates.preproject.domain.member.controller.MemberControllerTest
2022-10-27 02:44:35.353  INFO 17172 --- [    Test worker] .b.t.a.w.s.WebMvcTestContextBootstrapper : Loaded default TestExecutionListener class names from location [META-INF/spring.factories]: [org.springframework.boot.test.autoconfigure.restdocs.RestDocsTestExecutionListener, org.springframework.boot.test.autoconfigure.web.client.MockRestServiceServerResetTestExecutionListener, org.springframework.boot.test.autoconfigure.web.servlet.MockMvcPrintOnlyOnFailureTestExecutionListener, org.springframework.boot.test.autoconfigure.web.servlet.WebDriverTestExecutionListener, org.springframework.boot.test.autoconfigure.webservices.client.MockWebServiceServerTestExecutionListener, org.springframework.boot.test.mock.mockito.MockitoTestExecutionListener, org.springframework.boot.test.mock.mockito.ResetMocksTestExecutionListener, org.springframework.test.context.web.ServletTestExecutionListener, org.springframework.test.context.support.DirtiesContextBeforeModesTestExecutionListener, org.springframework.test.context.event.ApplicationEventsTestExecutionListener, org.springframework.test.context.support.DependencyInjectionTestExecutionListener, org.springframework.test.context.support.DirtiesContextTestExecutionListener, org.springframework.test.context.transaction.TransactionalTestExecutionListener, org.springframework.test.context.jdbc.SqlScriptsTestExecutionListener, org.springframework.test.context.event.EventPublishingTestExecutionListener]
2022-10-27 02:44:35.353  INFO 17172 --- [    Test worker] .b.t.a.w.s.WebMvcTestContextBootstrapper : Using TestExecutionListeners: [org.springframework.test.context.web.ServletTestExecutionListener@4d50f682, org.springframework.test.context.support.DirtiesContextBeforeModesTestExecutionListener@3445341, org.springframework.test.context.event.ApplicationEventsTestExecutionListener@14cc1f5c, org.springframework.boot.test.mock.mockito.MockitoTestExecutionListener@3100b5cf, org.springframework.boot.test.autoconfigure.SpringBootDependencyInjectionTestExecutionListener@7baea18b, org.springframework.test.context.support.DirtiesContextTestExecutionListener@5ad13be4, org.springframework.test.context.transaction.TransactionalTestExecutionListener@2e93f91d, org.springframework.test.context.jdbc.SqlScriptsTestExecutionListener@1a899fcd, org.springframework.test.context.event.EventPublishingTestExecutionListener@14a5d7ee, org.springframework.boot.test.autoconfigure.restdocs.RestDocsTestExecutionListener@4778c085, org.springframework.boot.test.autoconfigure.web.client.MockRestServiceServerResetTestExecutionListener@76929266, org.springframework.boot.test.autoconfigure.web.servlet.MockMvcPrintOnlyOnFailureTestExecutionListener@20331c8e, org.springframework.boot.test.autoconfigure.web.servlet.WebDriverTestExecutionListener@1a13b5c1, org.springframework.boot.test.autoconfigure.webservices.client.MockWebServiceServerTestExecutionListener@1b6e32ee, org.springframework.boot.test.mock.mockito.ResetMocksTestExecutionListener@798d8247]

  .   ____          _            __ _ _
 /\\ / ___'_ __ _ _(_)_ __  __ _ \ \ \ \
( ( )\___ | '_ | '_| | '_ \/ _` | \ \ \ \
 \\/  ___)| |_)| | | | | || (_| |  ) ) ) )
  '  |____| .__|_| |_|_| |_\__, | / / / /
 =========|_|==============|___/=/_/_/_/
 :: Spring Boot ::                (v2.7.5)

2022-10-27 02:44:35.380  INFO 17172 --- [    Test worker] c.c.p.d.m.c.MemberControllerTest         : Starting MemberControllerTest using Java 11.0.16.1 on bag-yeong-giui-MacBookAir.local with PID 17172 (started by bag-yeong-gi in /Users/bag-yeong-gi/IdeaProjects/seb40_pre_004/server)
2022-10-27 02:44:35.381  INFO 17172 --- [    Test worker] c.c.p.d.m.c.MemberControllerTest         : The following 1 profile is active: "local"
2022-10-27 02:44:35.655  INFO 17172 --- [    Test worker] o.s.b.t.m.w.SpringBootMockServletContext : Initializing Spring TestDispatcherServlet ''
2022-10-27 02:44:35.655  INFO 17172 --- [    Test worker] o.s.t.web.servlet.TestDispatcherServlet  : Initializing Servlet ''
2022-10-27 02:44:35.656  INFO 17172 --- [    Test worker] o.s.t.web.servlet.TestDispatcherServlet  : Completed initialization in 1 ms
2022-10-27 02:44:35.661  INFO 17172 --- [    Test worker] c.c.p.d.m.c.MemberControllerTest         : Started MemberControllerTest in 0.307 seconds (JVM running for 3.659)
]]></system-out>
  <system-err><![CDATA[]]></system-err>
</testsuite>
