<?xml version="1.0" encoding="UTF-8"?>
<testsuite name="com.codestates.preproject.PreProjectApplicationTests" tests="1" skipped="0" failures="0" errors="0" timestamp="2022-10-28T16:18:40" hostname="bag-yeong-giui-MacBookAir.local" time="0.061">
  <properties/>
  <testcase name="contextLoads()" classname="com.codestates.preproject.PreProjectApplicationTests" time="0.061"/>
  <system-out><![CDATA[01:18:37.186 [Test worker] DEBUG org.springframework.test.context.BootstrapUtils - Instantiating CacheAwareContextLoaderDelegate from class [org.springframework.test.context.cache.DefaultCacheAwareContextLoaderDelegate]
01:18:37.193 [Test worker] DEBUG org.springframework.test.context.BootstrapUtils - Instantiating BootstrapContext using constructor [public org.springframework.test.context.support.DefaultBootstrapContext(java.lang.Class,org.springframework.test.context.CacheAwareContextLoaderDelegate)]
01:18:37.211 [Test worker] DEBUG org.springframework.test.context.BootstrapUtils - Instantiating TestContextBootstrapper for test class [com.codestates.preproject.PreProjectApplicationTests] from class [org.springframework.boot.test.context.SpringBootTestContextBootstrapper]
01:18:37.218 [Test worker] INFO org.springframework.boot.test.context.SpringBootTestContextBootstrapper - Neither @ContextConfiguration nor @ContextHierarchy found for test class [com.codestates.preproject.PreProjectApplicationTests], using SpringBootContextLoader
01:18:37.220 [Test worker] DEBUG org.springframework.test.context.support.AbstractContextLoader - Did not detect default resource location for test class [com.codestates.preproject.PreProjectApplicationTests]: class path resource [com/codestates/preproject/PreProjectApplicationTests-context.xml] does not exist
01:18:37.220 [Test worker] DEBUG org.springframework.test.context.support.AbstractContextLoader - Did not detect default resource location for test class [com.codestates.preproject.PreProjectApplicationTests]: class path resource [com/codestates/preproject/PreProjectApplicationTestsContext.groovy] does not exist
01:18:37.220 [Test worker] INFO org.springframework.test.context.support.AbstractContextLoader - Could not detect default resource locations for test class [com.codestates.preproject.PreProjectApplicationTests]: no resource found for suffixes {-context.xml, Context.groovy}.
01:18:37.221 [Test worker] INFO org.springframework.test.context.support.AnnotationConfigContextLoaderUtils - Could not detect default configuration classes for test class [com.codestates.preproject.PreProjectApplicationTests]: PreProjectApplicationTests does not declare any static, non-private, non-final, nested classes annotated with @Configuration.
01:18:37.242 [Test worker] DEBUG org.springframework.test.context.support.ActiveProfilesUtils - Could not find an 'annotation declaring class' for annotation type [org.springframework.test.context.ActiveProfiles] and class [com.codestates.preproject.PreProjectApplicationTests]
01:18:37.272 [Test worker] DEBUG org.springframework.context.annotation.ClassPathScanningCandidateComponentProvider - Identified candidate component class: file [/Users/bag-yeong-gi/IdeaProjects/seb40_pre_004/server/build/classes/java/main/com/codestates/preproject/PreProjectApplication.class]
01:18:37.272 [Test worker] INFO org.springframework.boot.test.context.SpringBootTestContextBootstrapper - Found @SpringBootConfiguration com.codestates.preproject.PreProjectApplication for test class com.codestates.preproject.PreProjectApplicationTests
01:18:37.328 [Test worker] DEBUG org.springframework.boot.test.context.SpringBootTestContextBootstrapper - @TestExecutionListeners is not present for class [com.codestates.preproject.PreProjectApplicationTests]: using defaults.
01:18:37.329 [Test worker] INFO org.springframework.boot.test.context.SpringBootTestContextBootstrapper - Loaded default TestExecutionListener class names from location [META-INF/spring.factories]: [org.springframework.boot.test.autoconfigure.restdocs.RestDocsTestExecutionListener, org.springframework.boot.test.autoconfigure.web.client.MockRestServiceServerResetTestExecutionListener, org.springframework.boot.test.autoconfigure.web.servlet.MockMvcPrintOnlyOnFailureTestExecutionListener, org.springframework.boot.test.autoconfigure.web.servlet.WebDriverTestExecutionListener, org.springframework.boot.test.autoconfigure.webservices.client.MockWebServiceServerTestExecutionListener, org.springframework.boot.test.mock.mockito.MockitoTestExecutionListener, org.springframework.boot.test.mock.mockito.ResetMocksTestExecutionListener, org.springframework.test.context.web.ServletTestExecutionListener, org.springframework.test.context.support.DirtiesContextBeforeModesTestExecutionListener, org.springframework.test.context.event.ApplicationEventsTestExecutionListener, org.springframework.test.context.support.DependencyInjectionTestExecutionListener, org.springframework.test.context.support.DirtiesContextTestExecutionListener, org.springframework.test.context.transaction.TransactionalTestExecutionListener, org.springframework.test.context.jdbc.SqlScriptsTestExecutionListener, org.springframework.test.context.event.EventPublishingTestExecutionListener]
01:18:37.342 [Test worker] INFO org.springframework.boot.test.context.SpringBootTestContextBootstrapper - Using TestExecutionListeners: [org.springframework.test.context.web.ServletTestExecutionListener@106faf11, org.springframework.test.context.support.DirtiesContextBeforeModesTestExecutionListener@70f43b45, org.springframework.test.context.event.ApplicationEventsTestExecutionListener@26d10f2e, org.springframework.boot.test.mock.mockito.MockitoTestExecutionListener@10ad20cb, org.springframework.boot.test.autoconfigure.SpringBootDependencyInjectionTestExecutionListener@7dd712e8, org.springframework.test.context.support.DirtiesContextTestExecutionListener@2c282004, org.springframework.test.context.transaction.TransactionalTestExecutionListener@22ee2d0, org.springframework.test.context.jdbc.SqlScriptsTestExecutionListener@7bfc3126, org.springframework.test.context.event.EventPublishingTestExecutionListener@3e792ce3, org.springframework.boot.test.autoconfigure.restdocs.RestDocsTestExecutionListener@53bc1328, org.springframework.boot.test.autoconfigure.web.client.MockRestServiceServerResetTestExecutionListener@26f143ed, org.springframework.boot.test.autoconfigure.web.servlet.MockMvcPrintOnlyOnFailureTestExecutionListener@3c1e3314, org.springframework.boot.test.autoconfigure.web.servlet.WebDriverTestExecutionListener@4b770e40, org.springframework.boot.test.autoconfigure.webservices.client.MockWebServiceServerTestExecutionListener@78e16155, org.springframework.boot.test.mock.mockito.ResetMocksTestExecutionListener@54a3ab8f]
01:18:37.344 [Test worker] DEBUG org.springframework.test.context.support.AbstractDirtiesContextTestExecutionListener - Before test class: context [DefaultTestContext@63a5e46c testClass = PreProjectApplicationTests, testInstance = [null], testMethod = [null], testException = [null], mergedContextConfiguration = [WebMergedContextConfiguration@7e8e8651 testClass = PreProjectApplicationTests, locations = '{}', classes = '{class com.codestates.preproject.PreProjectApplication}', contextInitializerClasses = '[]', activeProfiles = '{}', propertySourceLocations = '{}', propertySourceProperties = '{org.springframework.boot.test.context.SpringBootTestContextBootstrapper=true}', contextCustomizers = set[org.springframework.boot.test.autoconfigure.actuate.metrics.MetricsExportContextCustomizerFactory$DisableMetricExportContextCustomizer@3f053c80, org.springframework.boot.test.autoconfigure.properties.PropertyMappingContextCustomizer@0, org.springframework.boot.test.autoconfigure.web.servlet.WebDriverContextCustomizerFactory$Customizer@207ea13, org.springframework.boot.test.context.filter.ExcludeFilterContextCustomizer@5827af16, org.springframework.boot.test.json.DuplicateJsonObjectContextCustomizerFactory$DuplicateJsonObjectContextCustomizer@f79a760, org.springframework.boot.test.mock.mockito.MockitoContextCustomizer@0, org.springframework.boot.test.web.client.TestRestTemplateContextCustomizer@7a8fa663, org.springframework.boot.test.context.SpringBootTestArgs@1, org.springframework.boot.test.context.SpringBootTestWebEnvironment@16612a51], resourceBasePath = 'src/main/webapp', contextLoader = 'org.springframework.boot.test.context.SpringBootContextLoader', parent = [null]], attributes = map['org.springframework.test.context.web.ServletTestExecutionListener.activateListener' -> true]], class annotated with @DirtiesContext [false] with mode [null].

  .   ____          _            __ _ _
 /\\ / ___'_ __ _ _(_)_ __  __ _ \ \ \ \
( ( )\___ | '_ | '_| | '_ \/ _` | \ \ \ \
 \\/  ___)| |_)| | | | | || (_| |  ) ) ) )
  '  |____| .__|_| |_|_| |_\__, | / / / /
 =========|_|==============|___/=/_/_/_/
 :: Spring Boot ::                (v2.7.5)

2022-10-29 01:18:37.778  INFO 45962 --- [    Test worker] c.c.p.PreProjectApplicationTests         : Starting PreProjectApplicationTests using Java 11.0.16.1 on bag-yeong-giui-MacBookAir.local with PID 45962 (started by bag-yeong-gi in /Users/bag-yeong-gi/IdeaProjects/seb40_pre_004/server)
2022-10-29 01:18:37.779  INFO 45962 --- [    Test worker] c.c.p.PreProjectApplicationTests         : No active profile set, falling back to 1 default profile: "default"
2022-10-29 01:18:38.212  INFO 45962 --- [    Test worker] .s.d.r.c.RepositoryConfigurationDelegate : Bootstrapping Spring Data JPA repositories in DEFAULT mode.
2022-10-29 01:18:38.251  INFO 45962 --- [    Test worker] .s.d.r.c.RepositoryConfigurationDelegate : Finished Spring Data repository scanning in 34 ms. Found 5 JPA repository interfaces.
2022-10-29 01:18:38.523  INFO 45962 --- [    Test worker] com.zaxxer.hikari.HikariDataSource       : HikariPool-1 - Starting...
2022-10-29 01:18:38.674  INFO 45962 --- [    Test worker] com.zaxxer.hikari.HikariDataSource       : HikariPool-1 - Start completed.
2022-10-29 01:18:38.715  INFO 45962 --- [    Test worker] o.hibernate.jpa.internal.util.LogHelper  : HHH000204: Processing PersistenceUnitInfo [name: default]
2022-10-29 01:18:38.747  INFO 45962 --- [    Test worker] org.hibernate.Version                    : HHH000412: Hibernate ORM core version 5.6.12.Final
2022-10-29 01:18:38.846  INFO 45962 --- [    Test worker] o.hibernate.annotations.common.Version   : HCANN000001: Hibernate Commons Annotations {5.1.2.Final}
2022-10-29 01:18:38.922  INFO 45962 --- [    Test worker] org.hibernate.dialect.Dialect            : HHH000400: Using dialect: org.hibernate.dialect.H2Dialect
2022-10-29 01:18:39.363  INFO 45962 --- [    Test worker] o.h.e.t.j.p.i.JtaPlatformInitiator       : HHH000490: Using JtaPlatform implementation: [org.hibernate.engine.transaction.jta.platform.internal.NoJtaPlatform]
2022-10-29 01:18:39.368  INFO 45962 --- [    Test worker] j.LocalContainerEntityManagerFactoryBean : Initialized JPA EntityManagerFactory for persistence unit 'default'
2022-10-29 01:18:39.806  WARN 45962 --- [    Test worker] JpaBaseConfiguration$JpaWebConfiguration : spring.jpa.open-in-view is enabled by default. Therefore, database queries may be performed during view rendering. Explicitly configure spring.jpa.open-in-view to disable this warning
2022-10-29 01:18:40.112  INFO 45962 --- [    Test worker] c.c.p.PreProjectApplicationTests         : Started PreProjectApplicationTests in 2.745 seconds (JVM running for 3.412)
]]></system-out>
  <system-err><![CDATA[]]></system-err>
</testsuite>
