<?xml version="1.0" encoding="UTF-8"?>
<testsuite name="com.codestates.preproject.domain.comment.controller.CommentControllerTest" tests="5" skipped="0" failures="0" errors="0" timestamp="2022-10-30T10:33:35" hostname="bag-yeong-giui-MacBookAir.local" time="0.048">
  <properties/>
  <testcase name="patchComment()" classname="com.codestates.preproject.domain.comment.controller.CommentControllerTest" time="0.016"/>
  <testcase name="deleteComment()" classname="com.codestates.preproject.domain.comment.controller.CommentControllerTest" time="0.005"/>
  <testcase name="getComments()" classname="com.codestates.preproject.domain.comment.controller.CommentControllerTest" time="0.007"/>
  <testcase name="postComment()" classname="com.codestates.preproject.domain.comment.controller.CommentControllerTest" time="0.01"/>
  <testcase name="getComment()" classname="com.codestates.preproject.domain.comment.controller.CommentControllerTest" time="0.007"/>
  <system-out><![CDATA[2022-10-30 19:33:35.161  INFO 65474 --- [    Test worker] .b.t.a.w.s.WebMvcTestContextBootstrapper : Neither @ContextConfiguration nor @ContextHierarchy found for test class [com.codestates.preproject.domain.comment.controller.CommentControllerTest], using SpringBootContextLoader
2022-10-30 19:33:35.162  INFO 65474 --- [    Test worker] o.s.t.c.support.AbstractContextLoader    : Could not detect default resource locations for test class [com.codestates.preproject.domain.comment.controller.CommentControllerTest]: no resource found for suffixes {-context.xml, Context.groovy}.
2022-10-30 19:33:35.162  INFO 65474 --- [    Test worker] t.c.s.AnnotationConfigContextLoaderUtils : Could not detect default configuration classes for test class [com.codestates.preproject.domain.comment.controller.CommentControllerTest]: CommentControllerTest does not declare any static, non-private, non-final, nested classes annotated with @Configuration.
2022-10-30 19:33:35.166  INFO 65474 --- [    Test worker] .b.t.c.SpringBootTestContextBootstrapper : Found @SpringBootConfiguration com.codestates.preproject.PreProjectApplication for test class com.codestates.preproject.domain.comment.controller.CommentControllerTest
2022-10-30 19:33:35.167  INFO 65474 --- [    Test worker] .b.t.a.w.s.WebMvcTestContextBootstrapper : Loaded default TestExecutionListener class names from location [META-INF/spring.factories]: [org.springframework.boot.test.autoconfigure.restdocs.RestDocsTestExecutionListener, org.springframework.boot.test.autoconfigure.web.client.MockRestServiceServerResetTestExecutionListener, org.springframework.boot.test.autoconfigure.web.servlet.MockMvcPrintOnlyOnFailureTestExecutionListener, org.springframework.boot.test.autoconfigure.web.servlet.WebDriverTestExecutionListener, org.springframework.boot.test.autoconfigure.webservices.client.MockWebServiceServerTestExecutionListener, org.springframework.boot.test.mock.mockito.MockitoTestExecutionListener, org.springframework.boot.test.mock.mockito.ResetMocksTestExecutionListener, org.springframework.test.context.web.ServletTestExecutionListener, org.springframework.test.context.support.DirtiesContextBeforeModesTestExecutionListener, org.springframework.test.context.event.ApplicationEventsTestExecutionListener, org.springframework.test.context.support.DependencyInjectionTestExecutionListener, org.springframework.test.context.support.DirtiesContextTestExecutionListener, org.springframework.test.context.transaction.TransactionalTestExecutionListener, org.springframework.test.context.jdbc.SqlScriptsTestExecutionListener, org.springframework.test.context.event.EventPublishingTestExecutionListener]
2022-10-30 19:33:35.167  INFO 65474 --- [    Test worker] .b.t.a.w.s.WebMvcTestContextBootstrapper : Using TestExecutionListeners: [org.springframework.test.context.web.ServletTestExecutionListener@19dc9dda, org.springframework.test.context.support.DirtiesContextBeforeModesTestExecutionListener@72e9c0a0, org.springframework.test.context.event.ApplicationEventsTestExecutionListener@494c452b, org.springframework.boot.test.mock.mockito.MockitoTestExecutionListener@7e9b68c5, org.springframework.boot.test.autoconfigure.SpringBootDependencyInjectionTestExecutionListener@3d41881, org.springframework.test.context.support.DirtiesContextTestExecutionListener@3f04349b, org.springframework.test.context.transaction.TransactionalTestExecutionListener@14ca4b4d, org.springframework.test.context.jdbc.SqlScriptsTestExecutionListener@31b2c451, org.springframework.test.context.event.EventPublishingTestExecutionListener@1201c2f6, org.springframework.boot.test.autoconfigure.restdocs.RestDocsTestExecutionListener@cbf9cc1, org.springframework.boot.test.autoconfigure.web.client.MockRestServiceServerResetTestExecutionListener@4ae93e38, org.springframework.boot.test.autoconfigure.web.servlet.MockMvcPrintOnlyOnFailureTestExecutionListener@6ddeeb78, org.springframework.boot.test.autoconfigure.web.servlet.WebDriverTestExecutionListener@71549247, org.springframework.boot.test.autoconfigure.webservices.client.MockWebServiceServerTestExecutionListener@17d5138, org.springframework.boot.test.mock.mockito.ResetMocksTestExecutionListener@266b7d1]

  .   ____          _            __ _ _
 /\\ / ___'_ __ _ _(_)_ __  __ _ \ \ \ \
( ( )\___ | '_ | '_| | '_ \/ _` | \ \ \ \
 \\/  ___)| |_)| | | | | || (_| |  ) ) ) )
  '  |____| .__|_| |_|_| |_\__, | / / / /
 =========|_|==============|___/=/_/_/_/
 :: Spring Boot ::                (v2.7.5)

2022-10-30 19:33:35.176  INFO 65474 --- [    Test worker] c.c.p.d.c.c.CommentControllerTest        : Starting CommentControllerTest using Java 11.0.16.1 on bag-yeong-giui-MacBookAir.local with PID 65474 (started by bag-yeong-gi in /Users/bag-yeong-gi/IdeaProjects/preproject)
2022-10-30 19:33:35.177  INFO 65474 --- [    Test worker] c.c.p.d.c.c.CommentControllerTest        : The following 1 profile is active: "local"
2022-10-30 19:33:35.353  INFO 65474 --- [    Test worker] o.s.b.t.m.w.SpringBootMockServletContext : Initializing Spring TestDispatcherServlet ''
2022-10-30 19:33:35.354  INFO 65474 --- [    Test worker] o.s.t.web.servlet.TestDispatcherServlet  : Initializing Servlet ''
2022-10-30 19:33:35.354  INFO 65474 --- [    Test worker] o.s.t.web.servlet.TestDispatcherServlet  : Completed initialization in 0 ms
2022-10-30 19:33:35.362  INFO 65474 --- [    Test worker] c.c.p.d.c.c.CommentControllerTest        : Started CommentControllerTest in 0.194 seconds (JVM running for 4.097)
]]></system-out>
  <system-err><![CDATA[]]></system-err>
</testsuite>
