<?xml version="1.0" encoding="UTF-8"?>
<testsuite name="com.codestates.preproject.domain.question.controller.QuestionControllerTest" tests="5" skipped="0" failures="0" errors="0" timestamp="2022-10-28T16:18:41" hostname="bag-yeong-giui-MacBookAir.local" time="0.059">
  <properties/>
  <testcase name="getQuestions()" classname="com.codestates.preproject.domain.question.controller.QuestionControllerTest" time="0.019"/>
  <testcase name="postQuestion()" classname="com.codestates.preproject.domain.question.controller.QuestionControllerTest" time="0.014"/>
  <testcase name="patchQuestion()" classname="com.codestates.preproject.domain.question.controller.QuestionControllerTest" time="0.011"/>
  <testcase name="getQuestion()" classname="com.codestates.preproject.domain.question.controller.QuestionControllerTest" time="0.008"/>
  <testcase name="deleteQuestion()" classname="com.codestates.preproject.domain.question.controller.QuestionControllerTest" time="0.005"/>
  <system-out><![CDATA[2022-10-29 01:18:41.237  INFO 45962 --- [    Test worker] .b.t.a.w.s.WebMvcTestContextBootstrapper : Neither @ContextConfiguration nor @ContextHierarchy found for test class [com.codestates.preproject.domain.question.controller.QuestionControllerTest], using SpringBootContextLoader
2022-10-29 01:18:41.238  INFO 45962 --- [    Test worker] o.s.t.c.support.AbstractContextLoader    : Could not detect default resource locations for test class [com.codestates.preproject.domain.question.controller.QuestionControllerTest]: no resource found for suffixes {-context.xml, Context.groovy}.
2022-10-29 01:18:41.238  INFO 45962 --- [    Test worker] t.c.s.AnnotationConfigContextLoaderUtils : Could not detect default configuration classes for test class [com.codestates.preproject.domain.question.controller.QuestionControllerTest]: QuestionControllerTest does not declare any static, non-private, non-final, nested classes annotated with @Configuration.
2022-10-29 01:18:41.242  INFO 45962 --- [    Test worker] .b.t.c.SpringBootTestContextBootstrapper : Found @SpringBootConfiguration com.codestates.preproject.PreProjectApplication for test class com.codestates.preproject.domain.question.controller.QuestionControllerTest
2022-10-29 01:18:41.242  INFO 45962 --- [    Test worker] .b.t.a.w.s.WebMvcTestContextBootstrapper : Loaded default TestExecutionListener class names from location [META-INF/spring.factories]: [org.springframework.boot.test.autoconfigure.restdocs.RestDocsTestExecutionListener, org.springframework.boot.test.autoconfigure.web.client.MockRestServiceServerResetTestExecutionListener, org.springframework.boot.test.autoconfigure.web.servlet.MockMvcPrintOnlyOnFailureTestExecutionListener, org.springframework.boot.test.autoconfigure.web.servlet.WebDriverTestExecutionListener, org.springframework.boot.test.autoconfigure.webservices.client.MockWebServiceServerTestExecutionListener, org.springframework.boot.test.mock.mockito.MockitoTestExecutionListener, org.springframework.boot.test.mock.mockito.ResetMocksTestExecutionListener, org.springframework.test.context.web.ServletTestExecutionListener, org.springframework.test.context.support.DirtiesContextBeforeModesTestExecutionListener, org.springframework.test.context.event.ApplicationEventsTestExecutionListener, org.springframework.test.context.support.DependencyInjectionTestExecutionListener, org.springframework.test.context.support.DirtiesContextTestExecutionListener, org.springframework.test.context.transaction.TransactionalTestExecutionListener, org.springframework.test.context.jdbc.SqlScriptsTestExecutionListener, org.springframework.test.context.event.EventPublishingTestExecutionListener]
2022-10-29 01:18:41.243  INFO 45962 --- [    Test worker] .b.t.a.w.s.WebMvcTestContextBootstrapper : Using TestExecutionListeners: [org.springframework.test.context.web.ServletTestExecutionListener@197d6cc9, org.springframework.test.context.support.DirtiesContextBeforeModesTestExecutionListener@8caffbd, org.springframework.test.context.event.ApplicationEventsTestExecutionListener@25c3a441, org.springframework.boot.test.mock.mockito.MockitoTestExecutionListener@2057d8ec, org.springframework.boot.test.autoconfigure.SpringBootDependencyInjectionTestExecutionListener@52bef30b, org.springframework.test.context.support.DirtiesContextTestExecutionListener@d56d9f6, org.springframework.test.context.transaction.TransactionalTestExecutionListener@358f85b1, org.springframework.test.context.jdbc.SqlScriptsTestExecutionListener@2b01bb54, org.springframework.test.context.event.EventPublishingTestExecutionListener@e822394, org.springframework.boot.test.autoconfigure.restdocs.RestDocsTestExecutionListener@3520d2db, org.springframework.boot.test.autoconfigure.web.client.MockRestServiceServerResetTestExecutionListener@7c4b7bc3, org.springframework.boot.test.autoconfigure.web.servlet.MockMvcPrintOnlyOnFailureTestExecutionListener@5a36a405, org.springframework.boot.test.autoconfigure.web.servlet.WebDriverTestExecutionListener@45b7b254, org.springframework.boot.test.autoconfigure.webservices.client.MockWebServiceServerTestExecutionListener@76320633, org.springframework.boot.test.mock.mockito.ResetMocksTestExecutionListener@5100fe55]

  .   ____          _            __ _ _
 /\\ / ___'_ __ _ _(_)_ __  __ _ \ \ \ \
( ( )\___ | '_ | '_| | '_ \/ _` | \ \ \ \
 \\/  ___)| |_)| | | | | || (_| |  ) ) ) )
  '  |____| .__|_| |_|_| |_\__, | / / / /
 =========|_|==============|___/=/_/_/_/
 :: Spring Boot ::                (v2.7.5)

2022-10-29 01:18:41.251  INFO 45962 --- [    Test worker] c.c.p.d.q.c.QuestionControllerTest       : Starting QuestionControllerTest using Java 11.0.16.1 on bag-yeong-giui-MacBookAir.local with PID 45962 (started by bag-yeong-gi in /Users/bag-yeong-gi/IdeaProjects/seb40_pre_004/server)
2022-10-29 01:18:41.251  INFO 45962 --- [    Test worker] c.c.p.d.q.c.QuestionControllerTest       : The following 1 profile is active: "local"
2022-10-29 01:18:41.399  INFO 45962 --- [    Test worker] o.s.b.t.m.w.SpringBootMockServletContext : Initializing Spring TestDispatcherServlet ''
2022-10-29 01:18:41.399  INFO 45962 --- [    Test worker] o.s.t.web.servlet.TestDispatcherServlet  : Initializing Servlet ''
2022-10-29 01:18:41.400  INFO 45962 --- [    Test worker] o.s.t.web.servlet.TestDispatcherServlet  : Completed initialization in 0 ms
2022-10-29 01:18:41.404  INFO 45962 --- [    Test worker] c.c.p.d.q.c.QuestionControllerTest       : Started QuestionControllerTest in 0.16 seconds (JVM running for 4.704)
]]></system-out>
  <system-err><![CDATA[]]></system-err>
</testsuite>
