<?xml version="1.0" encoding="UTF-8"?>
<testsuite name="com.codestates.preproject.domain.comment.controller.CommentControllerTest" tests="5" skipped="0" failures="0" errors="0" timestamp="2022-10-28T15:12:54" hostname="bag-yeong-giui-MacBookAir.local" time="0.05">
  <properties/>
  <testcase name="patchComment()" classname="com.codestates.preproject.domain.comment.controller.CommentControllerTest" time="0.016"/>
  <testcase name="deleteComment()" classname="com.codestates.preproject.domain.comment.controller.CommentControllerTest" time="0.006"/>
  <testcase name="getComments()" classname="com.codestates.preproject.domain.comment.controller.CommentControllerTest" time="0.008"/>
  <testcase name="postComment()" classname="com.codestates.preproject.domain.comment.controller.CommentControllerTest" time="0.011"/>
  <testcase name="getComment()" classname="com.codestates.preproject.domain.comment.controller.CommentControllerTest" time="0.007"/>
  <system-out><![CDATA[2022-10-29 00:12:54.209  INFO 41825 --- [    Test worker] .b.t.a.w.s.WebMvcTestContextBootstrapper : Neither @ContextConfiguration nor @ContextHierarchy found for test class [com.codestates.preproject.domain.comment.controller.CommentControllerTest], using SpringBootContextLoader
2022-10-29 00:12:54.210  INFO 41825 --- [    Test worker] o.s.t.c.support.AbstractContextLoader    : Could not detect default resource locations for test class [com.codestates.preproject.domain.comment.controller.CommentControllerTest]: no resource found for suffixes {-context.xml, Context.groovy}.
2022-10-29 00:12:54.210  INFO 41825 --- [    Test worker] t.c.s.AnnotationConfigContextLoaderUtils : Could not detect default configuration classes for test class [com.codestates.preproject.domain.comment.controller.CommentControllerTest]: CommentControllerTest does not declare any static, non-private, non-final, nested classes annotated with @Configuration.
2022-10-29 00:12:54.215  INFO 41825 --- [    Test worker] .b.t.c.SpringBootTestContextBootstrapper : Found @SpringBootConfiguration com.codestates.preproject.PreProjectApplication for test class com.codestates.preproject.domain.comment.controller.CommentControllerTest
2022-10-29 00:12:54.215  INFO 41825 --- [    Test worker] .b.t.a.w.s.WebMvcTestContextBootstrapper : Loaded default TestExecutionListener class names from location [META-INF/spring.factories]: [org.springframework.boot.test.autoconfigure.restdocs.RestDocsTestExecutionListener, org.springframework.boot.test.autoconfigure.web.client.MockRestServiceServerResetTestExecutionListener, org.springframework.boot.test.autoconfigure.web.servlet.MockMvcPrintOnlyOnFailureTestExecutionListener, org.springframework.boot.test.autoconfigure.web.servlet.WebDriverTestExecutionListener, org.springframework.boot.test.autoconfigure.webservices.client.MockWebServiceServerTestExecutionListener, org.springframework.boot.test.mock.mockito.MockitoTestExecutionListener, org.springframework.boot.test.mock.mockito.ResetMocksTestExecutionListener, org.springframework.test.context.web.ServletTestExecutionListener, org.springframework.test.context.support.DirtiesContextBeforeModesTestExecutionListener, org.springframework.test.context.event.ApplicationEventsTestExecutionListener, org.springframework.test.context.support.DependencyInjectionTestExecutionListener, org.springframework.test.context.support.DirtiesContextTestExecutionListener, org.springframework.test.context.transaction.TransactionalTestExecutionListener, org.springframework.test.context.jdbc.SqlScriptsTestExecutionListener, org.springframework.test.context.event.EventPublishingTestExecutionListener]
2022-10-29 00:12:54.215  INFO 41825 --- [    Test worker] .b.t.a.w.s.WebMvcTestContextBootstrapper : Using TestExecutionListeners: [org.springframework.test.context.web.ServletTestExecutionListener@6ac9742e, org.springframework.test.context.support.DirtiesContextBeforeModesTestExecutionListener@411b75b4, org.springframework.test.context.event.ApplicationEventsTestExecutionListener@21298c3a, org.springframework.boot.test.mock.mockito.MockitoTestExecutionListener@4f63219e, org.springframework.boot.test.autoconfigure.SpringBootDependencyInjectionTestExecutionListener@6eaa5458, org.springframework.test.context.support.DirtiesContextTestExecutionListener@74863aec, org.springframework.test.context.transaction.TransactionalTestExecutionListener@1923301a, org.springframework.test.context.jdbc.SqlScriptsTestExecutionListener@4f9a8d71, org.springframework.test.context.event.EventPublishingTestExecutionListener@73ae084e, org.springframework.boot.test.autoconfigure.restdocs.RestDocsTestExecutionListener@363a1d8d, org.springframework.boot.test.autoconfigure.web.client.MockRestServiceServerResetTestExecutionListener@369958b0, org.springframework.boot.test.autoconfigure.web.servlet.MockMvcPrintOnlyOnFailureTestExecutionListener@2d73aa17, org.springframework.boot.test.autoconfigure.web.servlet.WebDriverTestExecutionListener@2e1c3b8f, org.springframework.boot.test.autoconfigure.webservices.client.MockWebServiceServerTestExecutionListener@482c8db4, org.springframework.boot.test.mock.mockito.ResetMocksTestExecutionListener@348c00d9]

  .   ____          _            __ _ _
 /\\ / ___'_ __ _ _(_)_ __  __ _ \ \ \ \
( ( )\___ | '_ | '_| | '_ \/ _` | \ \ \ \
 \\/  ___)| |_)| | | | | || (_| |  ) ) ) )
  '  |____| .__|_| |_|_| |_\__, | / / / /
 =========|_|==============|___/=/_/_/_/
 :: Spring Boot ::                (v2.7.5)

2022-10-29 00:12:54.230  INFO 41825 --- [    Test worker] c.c.p.d.c.c.CommentControllerTest        : Starting CommentControllerTest using Java 11.0.16.1 on bag-yeong-giui-MacBookAir.local with PID 41825 (started by bag-yeong-gi in /Users/bag-yeong-gi/IdeaProjects/seb40_pre_004/server)
2022-10-29 00:12:54.230  INFO 41825 --- [    Test worker] c.c.p.d.c.c.CommentControllerTest        : The following 1 profile is active: "local"
2022-10-29 00:12:54.406  INFO 41825 --- [    Test worker] o.s.b.t.m.w.SpringBootMockServletContext : Initializing Spring TestDispatcherServlet ''
2022-10-29 00:12:54.406  INFO 41825 --- [    Test worker] o.s.t.web.servlet.TestDispatcherServlet  : Initializing Servlet ''
2022-10-29 00:12:54.406  INFO 41825 --- [    Test worker] o.s.t.web.servlet.TestDispatcherServlet  : Completed initialization in 0 ms
2022-10-29 00:12:54.410  INFO 41825 --- [    Test worker] c.c.p.d.c.c.CommentControllerTest        : Started CommentControllerTest in 0.193 seconds (JVM running for 4.124)
]]></system-out>
  <system-err><![CDATA[]]></system-err>
</testsuite>
