<?xml version="1.0" encoding="UTF-8"?>
<testsuite name="com.codestates.preproject.domain.answer.controller.AnswerControllerTest" tests="5" skipped="0" failures="0" errors="0" timestamp="2022-10-28T15:12:53" hostname="bag-yeong-giui-MacBookAir.local" time="0.229">
  <properties/>
  <testcase name="deleteAnswer()" classname="com.codestates.preproject.domain.answer.controller.AnswerControllerTest" time="0.076"/>
  <testcase name="patchAnswer()" classname="com.codestates.preproject.domain.answer.controller.AnswerControllerTest" time="0.104"/>
  <testcase name="getAnswers()" classname="com.codestates.preproject.domain.answer.controller.AnswerControllerTest" time="0.017"/>
  <testcase name="getAnswer()" classname="com.codestates.preproject.domain.answer.controller.AnswerControllerTest" time="0.012"/>
  <testcase name="postAnswer()" classname="com.codestates.preproject.domain.answer.controller.AnswerControllerTest" time="0.017"/>
  <system-out><![CDATA[2022-10-29 00:12:53.651  INFO 41825 --- [    Test worker] .b.t.a.w.s.WebMvcTestContextBootstrapper : Neither @ContextConfiguration nor @ContextHierarchy found for test class [com.codestates.preproject.domain.answer.controller.AnswerControllerTest], using SpringBootContextLoader
2022-10-29 00:12:53.651  INFO 41825 --- [    Test worker] o.s.t.c.support.AbstractContextLoader    : Could not detect default resource locations for test class [com.codestates.preproject.domain.answer.controller.AnswerControllerTest]: no resource found for suffixes {-context.xml, Context.groovy}.
2022-10-29 00:12:53.651  INFO 41825 --- [    Test worker] t.c.s.AnnotationConfigContextLoaderUtils : Could not detect default configuration classes for test class [com.codestates.preproject.domain.answer.controller.AnswerControllerTest]: AnswerControllerTest does not declare any static, non-private, non-final, nested classes annotated with @Configuration.
2022-10-29 00:12:53.664  INFO 41825 --- [    Test worker] .b.t.c.SpringBootTestContextBootstrapper : Found @SpringBootConfiguration com.codestates.preproject.PreProjectApplication for test class com.codestates.preproject.domain.answer.controller.AnswerControllerTest
2022-10-29 00:12:53.665  INFO 41825 --- [    Test worker] .b.t.a.w.s.WebMvcTestContextBootstrapper : Loaded default TestExecutionListener class names from location [META-INF/spring.factories]: [org.springframework.boot.test.autoconfigure.restdocs.RestDocsTestExecutionListener, org.springframework.boot.test.autoconfigure.web.client.MockRestServiceServerResetTestExecutionListener, org.springframework.boot.test.autoconfigure.web.servlet.MockMvcPrintOnlyOnFailureTestExecutionListener, org.springframework.boot.test.autoconfigure.web.servlet.WebDriverTestExecutionListener, org.springframework.boot.test.autoconfigure.webservices.client.MockWebServiceServerTestExecutionListener, org.springframework.boot.test.mock.mockito.MockitoTestExecutionListener, org.springframework.boot.test.mock.mockito.ResetMocksTestExecutionListener, org.springframework.test.context.web.ServletTestExecutionListener, org.springframework.test.context.support.DirtiesContextBeforeModesTestExecutionListener, org.springframework.test.context.event.ApplicationEventsTestExecutionListener, org.springframework.test.context.support.DependencyInjectionTestExecutionListener, org.springframework.test.context.support.DirtiesContextTestExecutionListener, org.springframework.test.context.transaction.TransactionalTestExecutionListener, org.springframework.test.context.jdbc.SqlScriptsTestExecutionListener, org.springframework.test.context.event.EventPublishingTestExecutionListener]
2022-10-29 00:12:53.665  INFO 41825 --- [    Test worker] .b.t.a.w.s.WebMvcTestContextBootstrapper : Using TestExecutionListeners: [org.springframework.test.context.web.ServletTestExecutionListener@70a8654, org.springframework.test.context.support.DirtiesContextBeforeModesTestExecutionListener@671c71e8, org.springframework.test.context.event.ApplicationEventsTestExecutionListener@7d5176d6, org.springframework.boot.test.mock.mockito.MockitoTestExecutionListener@31d791c0, org.springframework.boot.test.autoconfigure.SpringBootDependencyInjectionTestExecutionListener@623c9988, org.springframework.test.context.support.DirtiesContextTestExecutionListener@66ab3716, org.springframework.test.context.transaction.TransactionalTestExecutionListener@103a1ad3, org.springframework.test.context.jdbc.SqlScriptsTestExecutionListener@1d6ed085, org.springframework.test.context.event.EventPublishingTestExecutionListener@1b18fa79, org.springframework.boot.test.autoconfigure.restdocs.RestDocsTestExecutionListener@24347d8b, org.springframework.boot.test.autoconfigure.web.client.MockRestServiceServerResetTestExecutionListener@6418075c, org.springframework.boot.test.autoconfigure.web.servlet.MockMvcPrintOnlyOnFailureTestExecutionListener@f9919a2, org.springframework.boot.test.autoconfigure.web.servlet.WebDriverTestExecutionListener@530ee11a, org.springframework.boot.test.autoconfigure.webservices.client.MockWebServiceServerTestExecutionListener@54d116d5, org.springframework.boot.test.mock.mockito.ResetMocksTestExecutionListener@7057d9f4]

  .   ____          _            __ _ _
 /\\ / ___'_ __ _ _(_)_ __  __ _ \ \ \ \
( ( )\___ | '_ | '_| | '_ \/ _` | \ \ \ \
 \\/  ___)| |_)| | | | | || (_| |  ) ) ) )
  '  |____| .__|_| |_|_| |_\__, | / / / /
 =========|_|==============|___/=/_/_/_/
 :: Spring Boot ::                (v2.7.5)

2022-10-29 00:12:53.693  INFO 41825 --- [    Test worker] c.c.p.d.a.c.AnswerControllerTest         : Starting AnswerControllerTest using Java 11.0.16.1 on bag-yeong-giui-MacBookAir.local with PID 41825 (started by bag-yeong-gi in /Users/bag-yeong-gi/IdeaProjects/seb40_pre_004/server)
2022-10-29 00:12:53.693  INFO 41825 --- [    Test worker] c.c.p.d.a.c.AnswerControllerTest         : The following 1 profile is active: "local"
2022-10-29 00:12:53.969  INFO 41825 --- [    Test worker] o.s.b.t.m.w.SpringBootMockServletContext : Initializing Spring TestDispatcherServlet ''
2022-10-29 00:12:53.969  INFO 41825 --- [    Test worker] o.s.t.web.servlet.TestDispatcherServlet  : Initializing Servlet ''
2022-10-29 00:12:53.970  INFO 41825 --- [    Test worker] o.s.t.web.servlet.TestDispatcherServlet  : Completed initialization in 1 ms
2022-10-29 00:12:53.976  INFO 41825 --- [    Test worker] c.c.p.d.a.c.AnswerControllerTest         : Started AnswerControllerTest in 0.309 seconds (JVM running for 3.69)
]]></system-out>
  <system-err><![CDATA[]]></system-err>
</testsuite>
